[0.524s] [34mcolcon[0m [1;30mDEBUG[0m [32mCommand line arguments: ['/usr/local/bin/colcon', 'build', '--packages-select', 'ros2_total_demo'][0m
[0.524s] [34mcolcon[0m [1;30mDEBUG[0m [32mParsed command line arguments: Namespace(allow_overriding=[], ament_cmake_args=None, base_paths=['.'], build_base='build', catkin_cmake_args=None, catkin_skip_building_tests=False, cmake_args=None, cmake_clean_cache=False, cmake_clean_first=False, cmake_force_configure=False, cmake_target=None, cmake_target_skip_unavailable=False, continue_on_error=False, event_handlers=None, executor='parallel', ignore_user_meta=False, install_base='install', log_base=None, log_level=None, main=<bound method BuildVerb.main of <colcon_core.verb.build.BuildVerb object at 0xffffb4998fa0>>, merge_install=False, metas=['./colcon.meta'], packages_above=None, packages_above_and_dependencies=None, packages_above_depth=None, packages_end=None, packages_ignore=None, packages_ignore_regex=None, packages_select=['ros2_total_demo'], packages_select_build_failed=False, packages_select_by_dep=None, packages_select_regex=None, packages_select_test_failures=False, packages_skip=None, packages_skip_build_finished=False, packages_skip_by_dep=None, packages_skip_regex=None, packages_skip_test_passed=False, packages_skip_up_to=None, packages_start=None, packages_up_to=None, packages_up_to_regex=None, parallel_workers=12, paths=None, symlink_install=False, test_result_base=None, verb_extension=<colcon_core.verb.build.BuildVerb object at 0xffffb4998fa0>, verb_name='build', verb_parser=<colcon_defaults.argument_parser.defaults.DefaultArgumentsDecorator object at 0xffffb48d2730>)[0m
[0.849s] [34mcolcon.colcon_core.package_discovery[0m [1;30mLevel 1[0m discover_packages(colcon_meta) check parameters
[0.850s] [34mcolcon.colcon_core.package_discovery[0m [1;30mLevel 1[0m discover_packages(recursive) check parameters
[0.850s] [34mcolcon.colcon_core.package_discovery[0m [1;30mLevel 1[0m discover_packages(ignore) check parameters
[0.850s] [34mcolcon.colcon_core.package_discovery[0m [1;30mLevel 1[0m discover_packages(path) check parameters
[0.850s] [34mcolcon.colcon_core.package_discovery[0m [1;30mLevel 1[0m discover_packages(colcon_meta) discover
[0.850s] [34mcolcon.colcon_core.package_discovery[0m [1;30mLevel 1[0m discover_packages(recursive) discover
[0.850s] [34mcolcon.colcon_core.package_discovery[0m [1;30mINFO[0m Crawling recursively for packages in '/home/rm/ros2_ws/src/ros2_total_demo'
[0.850s] [34mcolcon.colcon_core.package_identification[0m [1;30mLevel 1[0m _identify(.) by extensions ['ignore', 'ignore_ament_install']
[0.851s] [34mcolcon.colcon_core.package_identification[0m [1;30mLevel 1[0m _identify(.) by extension 'ignore'
[0.851s] [34mcolcon.colcon_core.package_identification[0m [1;30mLevel 1[0m _identify(.) by extension 'ignore_ament_install'
[0.851s] [34mcolcon.colcon_core.package_identification[0m [1;30mLevel 1[0m _identify(.) by extensions ['colcon_pkg']
[0.851s] [34mcolcon.colcon_core.package_identification[0m [1;30mLevel 1[0m _identify(.) by extension 'colcon_pkg'
[0.851s] [34mcolcon.colcon_core.package_identification[0m [1;30mLevel 1[0m _identify(.) by extensions ['colcon_meta']
[0.851s] [34mcolcon.colcon_core.package_identification[0m [1;30mLevel 1[0m _identify(.) by extension 'colcon_meta'
[0.851s] [34mcolcon.colcon_core.package_identification[0m [1;30mLevel 1[0m _identify(.) by extensions ['ros']
[0.852s] [34mcolcon.colcon_core.package_identification[0m [1;30mLevel 1[0m _identify(.) by extension 'ros'
[0.881s] [34mcolcon.colcon_core.package_identification[0m [1;30mDEBUG[0m [32mPackage '.' with type 'ros.ament_cmake' and name 'ros2_total_demo'[0m
[0.881s] [34mcolcon.colcon_core.package_discovery[0m [1;30mLevel 1[0m discover_packages(recursive) using defaults
[0.881s] [34mcolcon.colcon_core.package_discovery[0m [1;30mLevel 1[0m discover_packages(ignore) discover
[0.881s] [34mcolcon.colcon_core.package_discovery[0m [1;30mLevel 1[0m discover_packages(ignore) using defaults
[0.881s] [34mcolcon.colcon_core.package_discovery[0m [1;30mLevel 1[0m discover_packages(path) discover
[0.882s] [34mcolcon.colcon_core.package_discovery[0m [1;30mLevel 1[0m discover_packages(path) using defaults
[0.916s] [34mcolcon.colcon_core.package_discovery[0m [1;30mLevel 1[0m discover_packages(prefix_path) check parameters
[0.917s] [34mcolcon.colcon_core.package_discovery[0m [1;30mLevel 1[0m discover_packages(prefix_path) discover
[0.922s] [34mcolcon.colcon_installed_package_information.package_discovery[0m [1;30mDEBUG[0m [32mFound 1 installed packages in /home/rm/ros2_ws/src/ros2_total_demo/install[0m
[0.924s] [34mcolcon.colcon_installed_package_information.package_discovery[0m [1;30mDEBUG[0m [32mFound 22 installed packages in /home/rm/ros2_ws/install[0m
[0.928s] [34mcolcon.colcon_installed_package_information.package_discovery[0m [1;30mDEBUG[0m [32mFound 330 installed packages in /opt/ros/foxy[0m
[0.931s] [34mcolcon.colcon_core.package_discovery[0m [1;30mLevel 1[0m discover_packages(prefix_path) using defaults
[1.114s] [34mcolcon.colcon_core.verb[0m [1;30mLevel 5[0m set package 'ros2_total_demo' build argument 'cmake_args' from command line to 'None'
[1.114s] [34mcolcon.colcon_core.verb[0m [1;30mLevel 5[0m set package 'ros2_total_demo' build argument 'cmake_target' from command line to 'None'
[1.114s] [34mcolcon.colcon_core.verb[0m [1;30mLevel 5[0m set package 'ros2_total_demo' build argument 'cmake_target_skip_unavailable' from command line to 'False'
[1.114s] [34mcolcon.colcon_core.verb[0m [1;30mLevel 5[0m set package 'ros2_total_demo' build argument 'cmake_clean_cache' from command line to 'False'
[1.115s] [34mcolcon.colcon_core.verb[0m [1;30mLevel 5[0m set package 'ros2_total_demo' build argument 'cmake_clean_first' from command line to 'False'
[1.115s] [34mcolcon.colcon_core.verb[0m [1;30mLevel 5[0m set package 'ros2_total_demo' build argument 'cmake_force_configure' from command line to 'False'
[1.115s] [34mcolcon.colcon_core.verb[0m [1;30mLevel 5[0m set package 'ros2_total_demo' build argument 'ament_cmake_args' from command line to 'None'
[1.115s] [34mcolcon.colcon_core.verb[0m [1;30mLevel 5[0m set package 'ros2_total_demo' build argument 'catkin_cmake_args' from command line to 'None'
[1.115s] [34mcolcon.colcon_core.verb[0m [1;30mLevel 5[0m set package 'ros2_total_demo' build argument 'catkin_skip_building_tests' from command line to 'False'
[1.115s] [34mcolcon.colcon_core.verb[0m [1;30mDEBUG[0m [32mBuilding package 'ros2_total_demo' with the following arguments: {'ament_cmake_args': None, 'build_base': '/home/rm/ros2_ws/src/ros2_total_demo/build/ros2_total_demo', 'catkin_cmake_args': None, 'catkin_skip_building_tests': False, 'cmake_args': None, 'cmake_clean_cache': False, 'cmake_clean_first': False, 'cmake_force_configure': False, 'cmake_target': None, 'cmake_target_skip_unavailable': False, 'install_base': '/home/rm/ros2_ws/src/ros2_total_demo/install/ros2_total_demo', 'merge_install': False, 'path': '/home/rm/ros2_ws/src/ros2_total_demo', 'symlink_install': False, 'test_result_base': None}[0m
[1.115s] [34mcolcon.colcon_core.executor[0m [1;30mINFO[0m Executing jobs using 'parallel' executor
[1.118s] [34mcolcon.colcon_parallel_executor.executor.parallel[0m [1;30mDEBUG[0m [32mrun_until_complete[0m
[1.119s] [34mcolcon.colcon_ros.task.ament_cmake.build[0m [1;30mINFO[0m Building ROS package in '/home/rm/ros2_ws/src/ros2_total_demo' with build type 'ament_cmake'
[1.119s] [34mcolcon.colcon_cmake.task.cmake.build[0m [1;30mINFO[0m Building CMake package in '/home/rm/ros2_ws/src/ros2_total_demo'
[1.123s] [34mcolcon.colcon_core.plugin_system[0m [1;30mINFO[0m Skipping extension 'colcon_core.shell.bat': Not used on non-Windows systems
[1.124s] [34mcolcon.colcon_core.shell[0m [1;30mINFO[0m Skip shell extension 'powershell' for command environment: Not usable outside of PowerShell
[1.124s] [34mcolcon.colcon_core.shell[0m [1;30mDEBUG[0m [32mSkip shell extension 'dsv' for command environment[0m
[1.157s] [34mcolcon.colcon_core.event_handler.log_command[0m [1;30mDEBUG[0m [32mInvoking command in '/home/rm/ros2_ws/src/ros2_total_demo/build/ros2_total_demo': CMAKE_PREFIX_PATH=${CMAKE_PREFIX_PATH}:/home/rm/ros2_ws/install/rm_camera_demo:/opt/ros/foxy /usr/bin/cmake --build /home/rm/ros2_ws/src/ros2_total_demo/build/ros2_total_demo -- -j12 -l12[0m
[1.670s] [34mcolcon.colcon_core.event_handler.log_command[0m [1;30mDEBUG[0m [32mInvoked command in '/home/rm/ros2_ws/src/ros2_total_demo/build/ros2_total_demo' returned '0': CMAKE_PREFIX_PATH=${CMAKE_PREFIX_PATH}:/home/rm/ros2_ws/install/rm_camera_demo:/opt/ros/foxy /usr/bin/cmake --build /home/rm/ros2_ws/src/ros2_total_demo/build/ros2_total_demo -- -j12 -l12[0m
[1.704s] [34mcolcon.colcon_core.event_handler.log_command[0m [1;30mDEBUG[0m [32mInvoking command in '/home/rm/ros2_ws/src/ros2_total_demo/build/ros2_total_demo': CMAKE_PREFIX_PATH=${CMAKE_PREFIX_PATH}:/home/rm/ros2_ws/install/rm_camera_demo:/opt/ros/foxy /usr/bin/cmake --install /home/rm/ros2_ws/src/ros2_total_demo/build/ros2_total_demo[0m
[1.919s] [34mcolcon.colcon_core.environment[0m [1;30mLevel 1[0m create_environment_scripts_only(ros2_total_demo)
[1.921s] [34mcolcon.colcon_core.event_handler.log_command[0m [1;30mDEBUG[0m [32mInvoked command in '/home/rm/ros2_ws/src/ros2_total_demo/build/ros2_total_demo' returned '0': CMAKE_PREFIX_PATH=${CMAKE_PREFIX_PATH}:/home/rm/ros2_ws/install/rm_camera_demo:/opt/ros/foxy /usr/bin/cmake --install /home/rm/ros2_ws/src/ros2_total_demo/build/ros2_total_demo[0m
[1.926s] [34mcolcon.colcon_core.environment[0m [1;30mLevel 1[0m checking '/home/rm/ros2_ws/src/ros2_total_demo/install/ros2_total_demo' for CMake module files
[1.927s] [34mcolcon.colcon_core.environment[0m [1;30mLevel 1[0m checking '/home/rm/ros2_ws/src/ros2_total_demo/install/ros2_total_demo' for CMake config files
[1.929s] [34mcolcon.colcon_core.shell[0m [1;30mLevel 1[0m create_environment_hook('ros2_total_demo', 'cmake_prefix_path')
[1.929s] [34mcolcon.colcon_core.shell[0m [1;30mINFO[0m Creating environment hook '/home/rm/ros2_ws/src/ros2_total_demo/install/ros2_total_demo/share/ros2_total_demo/hook/cmake_prefix_path.ps1'
[1.931s] [34mcolcon.colcon_core.shell[0m [1;30mINFO[0m Creating environment descriptor '/home/rm/ros2_ws/src/ros2_total_demo/install/ros2_total_demo/share/ros2_total_demo/hook/cmake_prefix_path.dsv'
[1.932s] [34mcolcon.colcon_core.shell[0m [1;30mINFO[0m Creating environment hook '/home/rm/ros2_ws/src/ros2_total_demo/install/ros2_total_demo/share/ros2_total_demo/hook/cmake_prefix_path.sh'
[1.934s] [34mcolcon.colcon_core.environment[0m [1;30mLevel 1[0m checking '/home/rm/ros2_ws/src/ros2_total_demo/install/ros2_total_demo/lib'
[1.934s] [34mcolcon.colcon_core.shell[0m [1;30mLevel 1[0m create_environment_hook('ros2_total_demo', 'ld_library_path_lib')
[1.935s] [34mcolcon.colcon_core.shell[0m [1;30mINFO[0m Creating environment hook '/home/rm/ros2_ws/src/ros2_total_demo/install/ros2_total_demo/share/ros2_total_demo/hook/ld_library_path_lib.ps1'
[1.936s] [34mcolcon.colcon_core.shell[0m [1;30mINFO[0m Creating environment descriptor '/home/rm/ros2_ws/src/ros2_total_demo/install/ros2_total_demo/share/ros2_total_demo/hook/ld_library_path_lib.dsv'
[1.936s] [34mcolcon.colcon_core.shell[0m [1;30mINFO[0m Creating environment hook '/home/rm/ros2_ws/src/ros2_total_demo/install/ros2_total_demo/share/ros2_total_demo/hook/ld_library_path_lib.sh'
[1.937s] [34mcolcon.colcon_core.environment[0m [1;30mLevel 1[0m checking '/home/rm/ros2_ws/src/ros2_total_demo/install/ros2_total_demo/bin'
[1.938s] [34mcolcon.colcon_core.environment[0m [1;30mLevel 1[0m checking '/home/rm/ros2_ws/src/ros2_total_demo/install/ros2_total_demo/lib/pkgconfig/ros2_total_demo.pc'
[1.938s] [34mcolcon.colcon_core.environment[0m [1;30mLevel 1[0m checking '/home/rm/ros2_ws/src/ros2_total_demo/install/ros2_total_demo/lib/python3.8/site-packages'
[1.938s] [34mcolcon.colcon_core.shell[0m [1;30mLevel 1[0m create_environment_hook('ros2_total_demo', 'pythonpath')
[1.939s] [34mcolcon.colcon_core.shell[0m [1;30mINFO[0m Creating environment hook '/home/rm/ros2_ws/src/ros2_total_demo/install/ros2_total_demo/share/ros2_total_demo/hook/pythonpath.ps1'
[1.940s] [34mcolcon.colcon_core.shell[0m [1;30mINFO[0m Creating environment descriptor '/home/rm/ros2_ws/src/ros2_total_demo/install/ros2_total_demo/share/ros2_total_demo/hook/pythonpath.dsv'
[1.941s] [34mcolcon.colcon_core.shell[0m [1;30mINFO[0m Creating environment hook '/home/rm/ros2_ws/src/ros2_total_demo/install/ros2_total_demo/share/ros2_total_demo/hook/pythonpath.sh'
[1.942s] [34mcolcon.colcon_core.environment[0m [1;30mLevel 1[0m checking '/home/rm/ros2_ws/src/ros2_total_demo/install/ros2_total_demo/bin'
[1.943s] [34mcolcon.colcon_core.shell[0m [1;30mINFO[0m Creating package script '/home/rm/ros2_ws/src/ros2_total_demo/install/ros2_total_demo/share/ros2_total_demo/package.ps1'
[1.946s] [34mcolcon.colcon_core.shell[0m [1;30mINFO[0m Creating package descriptor '/home/rm/ros2_ws/src/ros2_total_demo/install/ros2_total_demo/share/ros2_total_demo/package.dsv'
[1.947s] [34mcolcon.colcon_core.shell[0m [1;30mINFO[0m Creating package script '/home/rm/ros2_ws/src/ros2_total_demo/install/ros2_total_demo/share/ros2_total_demo/package.sh'
[1.949s] [34mcolcon.colcon_core.shell[0m [1;30mINFO[0m Creating package script '/home/rm/ros2_ws/src/ros2_total_demo/install/ros2_total_demo/share/ros2_total_demo/package.bash'
[1.951s] [34mcolcon.colcon_core.shell[0m [1;30mINFO[0m Creating package script '/home/rm/ros2_ws/src/ros2_total_demo/install/ros2_total_demo/share/ros2_total_demo/package.zsh'
[1.952s] [34mcolcon.colcon_core.environment[0m [1;30mLevel 1[0m create_file_with_runtime_dependencies(/home/rm/ros2_ws/src/ros2_total_demo/install/ros2_total_demo/share/colcon-core/packages/ros2_total_demo)
[1.954s] [34mcolcon.colcon_core.environment[0m [1;30mLevel 1[0m create_environment_scripts_only(ros2_total_demo)
[1.954s] [34mcolcon.colcon_core.environment[0m [1;30mLevel 1[0m checking '/home/rm/ros2_ws/src/ros2_total_demo/install/ros2_total_demo' for CMake module files
[1.956s] [34mcolcon.colcon_core.environment[0m [1;30mLevel 1[0m checking '/home/rm/ros2_ws/src/ros2_total_demo/install/ros2_total_demo' for CMake config files
[1.957s] [34mcolcon.colcon_core.shell[0m [1;30mLevel 1[0m create_environment_hook('ros2_total_demo', 'cmake_prefix_path')
[1.957s] [34mcolcon.colcon_core.shell[0m [1;30mINFO[0m Creating environment hook '/home/rm/ros2_ws/src/ros2_total_demo/install/ros2_total_demo/share/ros2_total_demo/hook/cmake_prefix_path.ps1'
[1.958s] [34mcolcon.colcon_core.shell[0m [1;30mINFO[0m Creating environment descriptor '/home/rm/ros2_ws/src/ros2_total_demo/install/ros2_total_demo/share/ros2_total_demo/hook/cmake_prefix_path.dsv'
[1.959s] [34mcolcon.colcon_core.shell[0m [1;30mINFO[0m Creating environment hook '/home/rm/ros2_ws/src/ros2_total_demo/install/ros2_total_demo/share/ros2_total_demo/hook/cmake_prefix_path.sh'
[1.960s] [34mcolcon.colcon_core.environment[0m [1;30mLevel 1[0m checking '/home/rm/ros2_ws/src/ros2_total_demo/install/ros2_total_demo/lib'
[1.960s] [34mcolcon.colcon_core.shell[0m [1;30mLevel 1[0m create_environment_hook('ros2_total_demo', 'ld_library_path_lib')
[1.961s] [34mcolcon.colcon_core.shell[0m [1;30mINFO[0m Creating environment hook '/home/rm/ros2_ws/src/ros2_total_demo/install/ros2_total_demo/share/ros2_total_demo/hook/ld_library_path_lib.ps1'
[1.962s] [34mcolcon.colcon_core.shell[0m [1;30mINFO[0m Creating environment descriptor '/home/rm/ros2_ws/src/ros2_total_demo/install/ros2_total_demo/share/ros2_total_demo/hook/ld_library_path_lib.dsv'
[1.962s] [34mcolcon.colcon_core.shell[0m [1;30mINFO[0m Creating environment hook '/home/rm/ros2_ws/src/ros2_total_demo/install/ros2_total_demo/share/ros2_total_demo/hook/ld_library_path_lib.sh'
[1.963s] [34mcolcon.colcon_core.environment[0m [1;30mLevel 1[0m checking '/home/rm/ros2_ws/src/ros2_total_demo/install/ros2_total_demo/bin'
[1.963s] [34mcolcon.colcon_core.environment[0m [1;30mLevel 1[0m checking '/home/rm/ros2_ws/src/ros2_total_demo/install/ros2_total_demo/lib/pkgconfig/ros2_total_demo.pc'
[1.964s] [34mcolcon.colcon_core.environment[0m [1;30mLevel 1[0m checking '/home/rm/ros2_ws/src/ros2_total_demo/install/ros2_total_demo/lib/python3.8/site-packages'
[1.964s] [34mcolcon.colcon_core.shell[0m [1;30mLevel 1[0m create_environment_hook('ros2_total_demo', 'pythonpath')
[1.964s] [34mcolcon.colcon_core.shell[0m [1;30mINFO[0m Creating environment hook '/home/rm/ros2_ws/src/ros2_total_demo/install/ros2_total_demo/share/ros2_total_demo/hook/pythonpath.ps1'
[1.965s] [34mcolcon.colcon_core.shell[0m [1;30mINFO[0m Creating environment descriptor '/home/rm/ros2_ws/src/ros2_total_demo/install/ros2_total_demo/share/ros2_total_demo/hook/pythonpath.dsv'
[1.966s] [34mcolcon.colcon_core.shell[0m [1;30mINFO[0m Creating environment hook '/home/rm/ros2_ws/src/ros2_total_demo/install/ros2_total_demo/share/ros2_total_demo/hook/pythonpath.sh'
[1.967s] [34mcolcon.colcon_core.environment[0m [1;30mLevel 1[0m checking '/home/rm/ros2_ws/src/ros2_total_demo/install/ros2_total_demo/bin'
[1.968s] [34mcolcon.colcon_core.shell[0m [1;30mINFO[0m Creating package script '/home/rm/ros2_ws/src/ros2_total_demo/install/ros2_total_demo/share/ros2_total_demo/package.ps1'
[1.969s] [34mcolcon.colcon_core.shell[0m [1;30mINFO[0m Creating package descriptor '/home/rm/ros2_ws/src/ros2_total_demo/install/ros2_total_demo/share/ros2_total_demo/package.dsv'
[1.970s] [34mcolcon.colcon_core.shell[0m [1;30mINFO[0m Creating package script '/home/rm/ros2_ws/src/ros2_total_demo/install/ros2_total_demo/share/ros2_total_demo/package.sh'
[1.971s] [34mcolcon.colcon_core.shell[0m [1;30mINFO[0m Creating package script '/home/rm/ros2_ws/src/ros2_total_demo/install/ros2_total_demo/share/ros2_total_demo/package.bash'
[1.972s] [34mcolcon.colcon_core.shell[0m [1;30mINFO[0m Creating package script '/home/rm/ros2_ws/src/ros2_total_demo/install/ros2_total_demo/share/ros2_total_demo/package.zsh'
[1.973s] [34mcolcon.colcon_core.environment[0m [1;30mLevel 1[0m create_file_with_runtime_dependencies(/home/rm/ros2_ws/src/ros2_total_demo/install/ros2_total_demo/share/colcon-core/packages/ros2_total_demo)
[1.974s] [34mcolcon.colcon_parallel_executor.executor.parallel[0m [1;30mDEBUG[0m [32mclosing loop[0m
[1.974s] [34mcolcon.colcon_parallel_executor.executor.parallel[0m [1;30mDEBUG[0m [32mloop closed[0m
[1.975s] [34mcolcon.colcon_parallel_executor.executor.parallel[0m [1;30mDEBUG[0m [32mrun_until_complete finished with '0'[0m
[1.975s] [34mcolcon.colcon_core.event_reactor[0m [1;30mDEBUG[0m [32mjoining thread[0m
[1.987s] [34mcolcon.colcon_core.plugin_system[0m [1;30mINFO[0m Skipping extension 'colcon_notification.desktop_notification.terminal_notifier': Not used on non-Darwin systems
[1.987s] [34mcolcon.colcon_core.plugin_system[0m [1;30mINFO[0m Skipping extension 'colcon_notification.desktop_notification.win32': Not used on non-Windows systems
[1.987s] [34mcolcon.colcon_notification.desktop_notification[0m [1;30mINFO[0m Sending desktop notification using 'notify2'
[2.026s] [34mcolcon.colcon_core.event_reactor[0m [1;30mDEBUG[0m [32mjoined thread[0m
[2.027s] [34mcolcon.colcon_core.shell[0m [1;30mINFO[0m Creating prefix script '/home/rm/ros2_ws/src/ros2_total_demo/install/local_setup.ps1'
[2.030s] [34mcolcon.colcon_core.shell[0m [1;30mINFO[0m Creating prefix util module '/home/rm/ros2_ws/src/ros2_total_demo/install/_local_setup_util_ps1.py'
[2.032s] [34mcolcon.colcon_core.shell[0m [1;30mINFO[0m Creating prefix chain script '/home/rm/ros2_ws/src/ros2_total_demo/install/setup.ps1'
[2.037s] [34mcolcon.colcon_core.shell[0m [1;30mINFO[0m Creating prefix script '/home/rm/ros2_ws/src/ros2_total_demo/install/local_setup.sh'
[2.038s] [34mcolcon.colcon_core.shell[0m [1;30mINFO[0m Creating prefix util module '/home/rm/ros2_ws/src/ros2_total_demo/install/_local_setup_util_sh.py'
[2.039s] [34mcolcon.colcon_core.shell[0m [1;30mINFO[0m Creating prefix chain script '/home/rm/ros2_ws/src/ros2_total_demo/install/setup.sh'
[2.044s] [34mcolcon.colcon_core.shell[0m [1;30mINFO[0m Creating prefix script '/home/rm/ros2_ws/src/ros2_total_demo/install/local_setup.bash'
[2.046s] [34mcolcon.colcon_core.shell[0m [1;30mINFO[0m Creating prefix chain script '/home/rm/ros2_ws/src/ros2_total_demo/install/setup.bash'
[2.050s] [34mcolcon.colcon_core.shell[0m [1;30mINFO[0m Creating prefix script '/home/rm/ros2_ws/src/ros2_total_demo/install/local_setup.zsh'
[2.052s] [34mcolcon.colcon_core.shell[0m [1;30mINFO[0m Creating prefix chain script '/home/rm/ros2_ws/src/ros2_total_demo/install/setup.zsh'
