-- The C compiler identification is GNU 9.4.0
-- The CXX compiler identification is GNU 9.4.0
-- Check for working C compiler: /usr/bin/cc
-- Check for working C compiler: /usr/bin/cc -- works
-- Detecting C compiler ABI info
-- Detecting C compiler ABI info - done
-- Detecting C compile features
-- Detecting C compile features - done
-- Check for working CXX compiler: /usr/bin/c++
-- Check for working CXX compiler: /usr/bin/c++ -- works
-- Detecting CXX compiler ABI info
-- Detecting CXX compiler ABI info - done
-- Detecting CXX compile features
-- Detecting CXX compile features - done
-- Found ament_cmake: 0.9.12 (/opt/ros/foxy/share/ament_cmake/cmake)
-- Found PythonInterp: /usr/bin/python3 (found suitable version "3.8.10", minimum required is "3") 
-- Using PYTHON_EXECUTABLE: /usr/bin/python3
-- Found rclpy: 1.0.13 (/opt/ros/foxy/share/rclpy/cmake)
-- Found rclcpp: 2.4.3 (/opt/ros/foxy/share/rclcpp/cmake)
-- Using all available rosidl_typesupport_c: rosidl_typesupport_fastrtps_c;rosidl_typesupport_introspection_c
-- Found rosidl_adapter: 1.3.1 (/opt/ros/foxy/share/rosidl_adapter/cmake)
-- Found OpenSSL: /usr/lib/aarch64-linux-gnu/libcrypto.so (found version "1.1.1f")  
-- Found FastRTPS: /opt/ros/foxy/include  
-- Using all available rosidl_typesupport_cpp: rosidl_typesupport_fastrtps_cpp;rosidl_typesupport_introspection_cpp
-- Found rmw_implementation_cmake: 1.0.4 (/opt/ros/foxy/share/rmw_implementation_cmake/cmake)
-- Using RMW implementation 'rmw_fastrtps_cpp' as default
-- Looking for pthread.h
-- Looking for pthread.h - found
-- Performing Test CMAKE_HAVE_LIBC_PTHREAD
-- Performing Test CMAKE_HAVE_LIBC_PTHREAD - Failed
-- Looking for pthread_create in pthreads
-- Looking for pthread_create in pthreads - not found
-- Looking for pthread_create in pthread
-- Looking for pthread_create in pthread - found
-- Found Threads: TRUE  
-- Found sensor_msgs: 2.0.5 (/opt/ros/foxy/share/sensor_msgs/cmake)
-- Found rm_ros_interfaces: 0.0.0 (/home/rm/ros2_ws/install/rm_ros_interfaces/share/rm_ros_interfaces/cmake)
-- Found servo_interfaces: 0.0.0 (/home/rm/ros2_ws/install/servo_interfaces/share/servo_interfaces/cmake)
-- Found cv_bridge: 3.0.7 (/opt/ros/foxy/share/cv_bridge/cmake)
-- Found CUDA: /usr/local/cuda-11.4 (found suitable exact version "11.4") 
-- Found OpenCV: /usr/local (found version "4.5.3") 
-- Found rosidl_default_generators: 1.0.1 (/opt/ros/foxy/share/rosidl_default_generators/cmake)
-- Found PythonInterp: /usr/bin/python3 (found version "3.8.10") 
-- Found ament_cmake_ros: 0.9.2 (/opt/ros/foxy/share/ament_cmake_ros/cmake)
-- Using all available rosidl_typesupport_c: rosidl_typesupport_fastrtps_c;rosidl_typesupport_introspection_c
-- Using all available rosidl_typesupport_cpp: rosidl_typesupport_fastrtps_cpp;rosidl_typesupport_introspection_cpp
-- Found PythonInterp: /usr/bin/python3 (found suitable version "3.8.10", minimum required is "3.5") 
-- Found python_cmake_module: 0.8.1 (/opt/ros/foxy/share/python_cmake_module/cmake)
-- Found PythonLibs: /usr/lib/aarch64-linux-gnu/libpython3.8.so (found suitable version "3.8.10", minimum required is "3.5") 
-- Using PYTHON_EXECUTABLE: /usr/bin/python3
-- Using PYTHON_INCLUDE_DIRS: /usr/include/python3.8
-- Using PYTHON_LIBRARIES: /usr/lib/aarch64-linux-gnu/libpython3.8.so
-- Found PythonExtra: .so  
-- Found ament_lint_auto: 0.9.8 (/opt/ros/foxy/share/ament_lint_auto/cmake)
-- Added test 'copyright' to check source files copyright and LICENSE
-- Added test 'cppcheck' to perform static code analysis on C / C++ code
-- Configured cppcheck include dirs: /home/rm/ros2_ws/src/ros2_total_demo/include;/home/rm/ros2_ws/src/ros2_total_demo/include/ros2_total_demo;$<BUILD_INTERFACE:/home/rm/ros2_ws/src/ros2_total_demo/build/ros2_total_demo/rosidl_generator_c>;/home/rm/ros2_ws/src/ros2_total_demo/build/ros2_total_demo/rosidl_generator_c;/home/rm/ros2_ws/src/ros2_total_demo/build/ros2_total_demo/rosidl_generator_cpp;/home/rm/ros2_ws/src/ros2_total_demo/build/ros2_total_demo/rosidl_typesupport_fastrtps_c;/home/rm/ros2_ws/src/ros2_total_demo/build/ros2_total_demo/rosidl_typesupport_fastrtps_cpp;$<BUILD_INTERFACE:/home/rm/ros2_ws/src/ros2_total_demo/build/ros2_total_demo/rosidl_typesupport_introspection_c>;$<BUILD_INTERFACE:/home/rm/ros2_ws/src/ros2_total_demo/build/ros2_total_demo/rosidl_typesupport_c>;$<BUILD_INTERFACE:/home/rm/ros2_ws/src/ros2_total_demo/build/ros2_total_demo/rosidl_generator_cpp>;/home/rm/ros2_ws/src/ros2_total_demo/build/ros2_total_demo/rosidl_generator_py;$<BUILD_INTERFACE:/home/rm/ros2_ws/src/ros2_total_demo/include>
-- Configured cppcheck exclude dirs and/or files: 
-- Added test 'cpplint' to check C / C++ code against the Google style
-- Configured cpplint exclude dirs and/or files: 
-- Added test 'flake8' to check Python code syntax and style conventions
-- Added test 'lint_cmake' to check CMake code style
-- Added test 'pep257' to check Python code against some of the style conventions in PEP 257
-- Added test 'uncrustify' to check C / C++ code style
-- Configured uncrustify additional arguments: 
-- Added test 'xmllint' to check XML markup files
-- Configuring done
-- Generating done
-- Build files have been written to: /home/rm/ros2_ws/src/ros2_total_demo/build/ros2_total_demo
[  2%] [34m[1mGenerating C code for ROS interfaces[0m
[35m[1mScanning dependencies of target ros2_total_demo__cpp[0m
[35m[1mScanning dependencies of target total_demo_node[0m
[  5%] [34m[1mGenerating C++ code for ROS interfaces[0m
[  8%] [32mBuilding CXX object CMakeFiles/total_demo_node.dir/src/dual_arm.cpp.o[0m
[ 11%] [32mBuilding CXX object CMakeFiles/total_demo_node.dir/src/total_demo_node.cpp.o[0m
[35m[1mScanning dependencies of target ros2_total_demo__rosidl_generator_c[0m
[ 11%] Built target ros2_total_demo__cpp
[ 14%] [32mBuilding C object CMakeFiles/ros2_total_demo__rosidl_generator_c.dir/rosidl_generator_c/ros2_total_demo/msg/detail/object_pose__functions.c.o[0m
[ 17%] [34m[1mGenerating C++ introspection for ROS interfaces[0m
[ 23%] [34m[1mGenerating C++ type support for eProsima Fast-RTPS[0m
[ 23%] [34m[1mGenerating C++ type support dispatch for ROS interfaces[0m
[ 26%] [32m[1mLinking C shared library libros2_total_demo__rosidl_generator_c.so[0m
[ 26%] Built target ros2_total_demo__rosidl_generator_c
[ 32%] [34m[1mGenerating C introspection for ROS interfaces[0m
[ 32%] [34m[1mGenerating C type support dispatch for ROS interfaces[0m
[35m[1mScanning dependencies of target ros2_total_demo__rosidl_typesupport_cpp[0m
[ 35%] [32mBuilding CXX object CMakeFiles/ros2_total_demo__rosidl_typesupport_cpp.dir/rosidl_typesupport_cpp/ros2_total_demo/msg/object_pose__type_support.cpp.o[0m
[35m[1mScanning dependencies of target ros2_total_demo__rosidl_typesupport_introspection_cpp[0m
[35m[1mScanning dependencies of target ros2_total_demo__rosidl_typesupport_fastrtps_cpp[0m
[ 38%] [32mBuilding CXX object CMakeFiles/ros2_total_demo__rosidl_typesupport_introspection_cpp.dir/rosidl_typesupport_introspection_cpp/ros2_total_demo/msg/detail/object_pose__type_support.cpp.o[0m
[ 41%] [32mBuilding CXX object CMakeFiles/ros2_total_demo__rosidl_typesupport_fastrtps_cpp.dir/rosidl_typesupport_fastrtps_cpp/ros2_total_demo/msg/detail/dds_fastrtps/object_pose__type_support.cpp.o[0m
[35m[1mScanning dependencies of target ros2_total_demo__rosidl_typesupport_c[0m
[ 44%] [32mBuilding CXX object CMakeFiles/ros2_total_demo__rosidl_typesupport_c.dir/rosidl_typesupport_c/ros2_total_demo/msg/object_pose__type_support.cpp.o[0m
[35m[1mScanning dependencies of target ros2_total_demo__rosidl_typesupport_introspection_c[0m
[ 47%] [32mBuilding C object CMakeFiles/ros2_total_demo__rosidl_typesupport_introspection_c.dir/rosidl_typesupport_introspection_c/ros2_total_demo/msg/detail/object_pose__type_support.c.o[0m
[ 50%] [32m[1mLinking CXX shared library libros2_total_demo__rosidl_typesupport_c.so[0m
[ 52%] [32m[1mLinking C shared library libros2_total_demo__rosidl_typesupport_introspection_c.so[0m
[ 52%] Built target ros2_total_demo__rosidl_typesupport_c
[ 52%] Built target ros2_total_demo__rosidl_typesupport_introspection_c
[ 55%] [32m[1mLinking CXX shared library libros2_total_demo__rosidl_typesupport_cpp.so[0m
[ 58%] [32m[1mLinking CXX shared library libros2_total_demo__rosidl_typesupport_introspection_cpp.so[0m
[ 58%] Built target ros2_total_demo__rosidl_typesupport_cpp
[ 58%] Built target ros2_total_demo__rosidl_typesupport_introspection_cpp
[ 61%] [32m[1mLinking CXX shared library libros2_total_demo__rosidl_typesupport_fastrtps_cpp.so[0m
[ 61%] Built target ros2_total_demo__rosidl_typesupport_fastrtps_cpp
[ 64%] [34m[1mGenerating C type support for eProsima Fast-RTPS[0m
[35m[1mScanning dependencies of target ros2_total_demo__rosidl_typesupport_fastrtps_c[0m
[ 67%] [32mBuilding CXX object CMakeFiles/ros2_total_demo__rosidl_typesupport_fastrtps_c.dir/rosidl_typesupport_fastrtps_c/ros2_total_demo/msg/detail/object_pose__type_support_c.cpp.o[0m
[ 70%] [32m[1mLinking CXX shared library libros2_total_demo__rosidl_typesupport_fastrtps_c.so[0m
[ 70%] Built target ros2_total_demo__rosidl_typesupport_fastrtps_c
[35m[1mScanning dependencies of target ros2_total_demo[0m
[ 70%] Built target ros2_total_demo
[35m[1mScanning dependencies of target ros2_total_demo__py[0m
[ 73%] [34m[1mGenerating Python code for ROS interfaces[0m
[ 73%] Built target ros2_total_demo__py
[35m[1mScanning dependencies of target ros2_total_demo__python[0m
[ 76%] [32mBuilding C object CMakeFiles/ros2_total_demo__python.dir/rosidl_generator_py/ros2_total_demo/msg/_object_pose_s.c.o[0m
[ 79%] [32m[1mLinking C shared library rosidl_generator_py/ros2_total_demo/libros2_total_demo__python.so[0m
[ 79%] Built target ros2_total_demo__python
[35m[1mScanning dependencies of target ros2_total_demo__rosidl_typesupport_fastrtps_c__pyext[0m
[35m[1mScanning dependencies of target ros2_total_demo__rosidl_typesupport_introspection_c__pyext[0m
[35m[1mScanning dependencies of target ros2_total_demo__rosidl_typesupport_c__pyext[0m
[ 85%] [32mBuilding C object CMakeFiles/ros2_total_demo__rosidl_typesupport_introspection_c__pyext.dir/rosidl_generator_py/ros2_total_demo/_ros2_total_demo_s.ep.rosidl_typesupport_introspection_c.c.o[0m
[ 85%] [32mBuilding C object CMakeFiles/ros2_total_demo__rosidl_typesupport_fastrtps_c__pyext.dir/rosidl_generator_py/ros2_total_demo/_ros2_total_demo_s.ep.rosidl_typesupport_fastrtps_c.c.o[0m
[ 88%] [32mBuilding C object CMakeFiles/ros2_total_demo__rosidl_typesupport_c__pyext.dir/rosidl_generator_py/ros2_total_demo/_ros2_total_demo_s.ep.rosidl_typesupport_c.c.o[0m
[ 94%] [32m[1mLinking C shared library rosidl_generator_py/ros2_total_demo/ros2_total_demo_s__rosidl_typesupport_c.cpython-38-aarch64-linux-gnu.so[0m
[ 94%] [32m[1mLinking CXX shared library rosidl_generator_py/ros2_total_demo/ros2_total_demo_s__rosidl_typesupport_fastrtps_c.cpython-38-aarch64-linux-gnu.so[0m
[ 97%] [32m[1mLinking C shared library rosidl_generator_py/ros2_total_demo/ros2_total_demo_s__rosidl_typesupport_introspection_c.cpython-38-aarch64-linux-gnu.so[0m
[ 97%] Built target ros2_total_demo__rosidl_typesupport_c__pyext
[ 97%] Built target ros2_total_demo__rosidl_typesupport_introspection_c__pyext
[ 97%] Built target ros2_total_demo__rosidl_typesupport_fastrtps_c__pyext
[100%] [32m[1mLinking CXX executable total_demo_node[0m
[100%] Built target total_demo_node
-- Install configuration: ""
-- Installing: /home/rm/ros2_ws/src/ros2_total_demo/install/ros2_total_demo/share/ament_index/resource_index/rosidl_interfaces/ros2_total_demo
-- Installing: /home/rm/ros2_ws/src/ros2_total_demo/install/ros2_total_demo/include/ros2_total_demo
-- Installing: /home/rm/ros2_ws/src/ros2_total_demo/install/ros2_total_demo/include/ros2_total_demo/msg
-- Installing: /home/rm/ros2_ws/src/ros2_total_demo/install/ros2_total_demo/include/ros2_total_demo/msg/detail
-- Installing: /home/rm/ros2_ws/src/ros2_total_demo/install/ros2_total_demo/include/ros2_total_demo/msg/detail/object_pose__functions.h
-- Installing: /home/rm/ros2_ws/src/ros2_total_demo/install/ros2_total_demo/include/ros2_total_demo/msg/detail/object_pose__functions.c
-- Installing: /home/rm/ros2_ws/src/ros2_total_demo/install/ros2_total_demo/include/ros2_total_demo/msg/detail/object_pose__struct.h
-- Installing: /home/rm/ros2_ws/src/ros2_total_demo/install/ros2_total_demo/include/ros2_total_demo/msg/detail/object_pose__type_support.h
-- Installing: /home/rm/ros2_ws/src/ros2_total_demo/install/ros2_total_demo/include/ros2_total_demo/msg/rosidl_generator_c__visibility_control.h
-- Installing: /home/rm/ros2_ws/src/ros2_total_demo/install/ros2_total_demo/include/ros2_total_demo/msg/object_pose.h
-- Installing: /home/rm/ros2_ws/src/ros2_total_demo/install/ros2_total_demo/share/ros2_total_demo/environment/library_path.sh
-- Installing: /home/rm/ros2_ws/src/ros2_total_demo/install/ros2_total_demo/share/ros2_total_demo/environment/library_path.dsv
-- Installing: /home/rm/ros2_ws/src/ros2_total_demo/install/ros2_total_demo/lib/libros2_total_demo__rosidl_generator_c.so
-- Set runtime path of "/home/rm/ros2_ws/src/ros2_total_demo/install/ros2_total_demo/lib/libros2_total_demo__rosidl_generator_c.so" to ""
-- Up-to-date: /home/rm/ros2_ws/src/ros2_total_demo/install/ros2_total_demo/include/ros2_total_demo
-- Up-to-date: /home/rm/ros2_ws/src/ros2_total_demo/install/ros2_total_demo/include/ros2_total_demo/msg
-- Up-to-date: /home/rm/ros2_ws/src/ros2_total_demo/install/ros2_total_demo/include/ros2_total_demo/msg/detail
-- Installing: /home/rm/ros2_ws/src/ros2_total_demo/install/ros2_total_demo/include/ros2_total_demo/msg/detail/object_pose__rosidl_typesupport_fastrtps_c.h
-- Installing: /home/rm/ros2_ws/src/ros2_total_demo/install/ros2_total_demo/include/ros2_total_demo/msg/rosidl_typesupport_fastrtps_c__visibility_control.h
-- Installing: /home/rm/ros2_ws/src/ros2_total_demo/install/ros2_total_demo/lib/libros2_total_demo__rosidl_typesupport_fastrtps_c.so
-- Set runtime path of "/home/rm/ros2_ws/src/ros2_total_demo/install/ros2_total_demo/lib/libros2_total_demo__rosidl_typesupport_fastrtps_c.so" to ""
-- Up-to-date: /home/rm/ros2_ws/src/ros2_total_demo/install/ros2_total_demo/include/ros2_total_demo
-- Up-to-date: /home/rm/ros2_ws/src/ros2_total_demo/install/ros2_total_demo/include/ros2_total_demo/msg
-- Up-to-date: /home/rm/ros2_ws/src/ros2_total_demo/install/ros2_total_demo/include/ros2_total_demo/msg/detail
-- Installing: /home/rm/ros2_ws/src/ros2_total_demo/install/ros2_total_demo/include/ros2_total_demo/msg/detail/object_pose__rosidl_typesupport_fastrtps_cpp.hpp
-- Installing: /home/rm/ros2_ws/src/ros2_total_demo/install/ros2_total_demo/include/ros2_total_demo/msg/detail/dds_fastrtps
-- Installing: /home/rm/ros2_ws/src/ros2_total_demo/install/ros2_total_demo/include/ros2_total_demo/msg/rosidl_typesupport_fastrtps_cpp__visibility_control.h
-- Installing: /home/rm/ros2_ws/src/ros2_total_demo/install/ros2_total_demo/lib/libros2_total_demo__rosidl_typesupport_fastrtps_cpp.so
-- Set runtime path of "/home/rm/ros2_ws/src/ros2_total_demo/install/ros2_total_demo/lib/libros2_total_demo__rosidl_typesupport_fastrtps_cpp.so" to ""
-- Up-to-date: /home/rm/ros2_ws/src/ros2_total_demo/install/ros2_total_demo/include/ros2_total_demo
-- Up-to-date: /home/rm/ros2_ws/src/ros2_total_demo/install/ros2_total_demo/include/ros2_total_demo/msg
-- Up-to-date: /home/rm/ros2_ws/src/ros2_total_demo/install/ros2_total_demo/include/ros2_total_demo/msg/detail
-- Installing: /home/rm/ros2_ws/src/ros2_total_demo/install/ros2_total_demo/include/ros2_total_demo/msg/detail/object_pose__rosidl_typesupport_introspection_c.h
-- Installing: /home/rm/ros2_ws/src/ros2_total_demo/install/ros2_total_demo/include/ros2_total_demo/msg/detail/object_pose__type_support.c
-- Installing: /home/rm/ros2_ws/src/ros2_total_demo/install/ros2_total_demo/include/ros2_total_demo/msg/rosidl_typesupport_introspection_c__visibility_control.h
-- Installing: /home/rm/ros2_ws/src/ros2_total_demo/install/ros2_total_demo/lib/libros2_total_demo__rosidl_typesupport_introspection_c.so
-- Set runtime path of "/home/rm/ros2_ws/src/ros2_total_demo/install/ros2_total_demo/lib/libros2_total_demo__rosidl_typesupport_introspection_c.so" to ""
-- Installing: /home/rm/ros2_ws/src/ros2_total_demo/install/ros2_total_demo/lib/libros2_total_demo__rosidl_typesupport_c.so
-- Set runtime path of "/home/rm/ros2_ws/src/ros2_total_demo/install/ros2_total_demo/lib/libros2_total_demo__rosidl_typesupport_c.so" to ""
-- Up-to-date: /home/rm/ros2_ws/src/ros2_total_demo/install/ros2_total_demo/include/ros2_total_demo
-- Up-to-date: /home/rm/ros2_ws/src/ros2_total_demo/install/ros2_total_demo/include/ros2_total_demo/msg
-- Installing: /home/rm/ros2_ws/src/ros2_total_demo/install/ros2_total_demo/include/ros2_total_demo/msg/object_pose.hpp
-- Up-to-date: /home/rm/ros2_ws/src/ros2_total_demo/install/ros2_total_demo/include/ros2_total_demo/msg/detail
-- Installing: /home/rm/ros2_ws/src/ros2_total_demo/install/ros2_total_demo/include/ros2_total_demo/msg/detail/object_pose__traits.hpp
-- Installing: /home/rm/ros2_ws/src/ros2_total_demo/install/ros2_total_demo/include/ros2_total_demo/msg/detail/object_pose__struct.hpp
-- Installing: /home/rm/ros2_ws/src/ros2_total_demo/install/ros2_total_demo/include/ros2_total_demo/msg/detail/object_pose__type_support.hpp
-- Installing: /home/rm/ros2_ws/src/ros2_total_demo/install/ros2_total_demo/include/ros2_total_demo/msg/detail/object_pose__builder.hpp
-- Installing: /home/rm/ros2_ws/src/ros2_total_demo/install/ros2_total_demo/include/ros2_total_demo/msg/rosidl_generator_cpp__visibility_control.hpp
-- Up-to-date: /home/rm/ros2_ws/src/ros2_total_demo/install/ros2_total_demo/include/ros2_total_demo
-- Up-to-date: /home/rm/ros2_ws/src/ros2_total_demo/install/ros2_total_demo/include/ros2_total_demo/msg
-- Up-to-date: /home/rm/ros2_ws/src/ros2_total_demo/install/ros2_total_demo/include/ros2_total_demo/msg/detail
-- Installing: /home/rm/ros2_ws/src/ros2_total_demo/install/ros2_total_demo/include/ros2_total_demo/msg/detail/object_pose__rosidl_typesupport_introspection_cpp.hpp
-- Installing: /home/rm/ros2_ws/src/ros2_total_demo/install/ros2_total_demo/include/ros2_total_demo/msg/detail/object_pose__type_support.cpp
-- Installing: /home/rm/ros2_ws/src/ros2_total_demo/install/ros2_total_demo/lib/libros2_total_demo__rosidl_typesupport_introspection_cpp.so
-- Set runtime path of "/home/rm/ros2_ws/src/ros2_total_demo/install/ros2_total_demo/lib/libros2_total_demo__rosidl_typesupport_introspection_cpp.so" to ""
-- Installing: /home/rm/ros2_ws/src/ros2_total_demo/install/ros2_total_demo/lib/libros2_total_demo__rosidl_typesupport_cpp.so
-- Set runtime path of "/home/rm/ros2_ws/src/ros2_total_demo/install/ros2_total_demo/lib/libros2_total_demo__rosidl_typesupport_cpp.so" to ""
-- Installing: /home/rm/ros2_ws/src/ros2_total_demo/install/ros2_total_demo/share/ros2_total_demo/environment/pythonpath.sh
-- Installing: /home/rm/ros2_ws/src/ros2_total_demo/install/ros2_total_demo/share/ros2_total_demo/environment/pythonpath.dsv
-- Installing: /home/rm/ros2_ws/src/ros2_total_demo/install/ros2_total_demo/lib/python3.8/site-packages/ros2_total_demo/__init__.py
Compiling '/home/rm/ros2_ws/src/ros2_total_demo/install/ros2_total_demo/lib/python3.8/site-packages/ros2_total_demo/__init__.py'...
-- Installing: /home/rm/ros2_ws/src/ros2_total_demo/install/ros2_total_demo/lib/python3.8/site-packages/ros2_total_demo/msg
-- Installing: /home/rm/ros2_ws/src/ros2_total_demo/install/ros2_total_demo/lib/python3.8/site-packages/ros2_total_demo/msg/__init__.py
-- Installing: /home/rm/ros2_ws/src/ros2_total_demo/install/ros2_total_demo/lib/python3.8/site-packages/ros2_total_demo/msg/_object_pose.py
-- Installing: /home/rm/ros2_ws/src/ros2_total_demo/install/ros2_total_demo/lib/python3.8/site-packages/ros2_total_demo/msg/_object_pose_s.c
-- Installing: /home/rm/ros2_ws/src/ros2_total_demo/install/ros2_total_demo/lib/python3.8/site-packages/ros2_total_demo/ros2_total_demo_s__rosidl_typesupport_fastrtps_c.cpython-38-aarch64-linux-gnu.so
-- Set runtime path of "/home/rm/ros2_ws/src/ros2_total_demo/install/ros2_total_demo/lib/python3.8/site-packages/ros2_total_demo/ros2_total_demo_s__rosidl_typesupport_fastrtps_c.cpython-38-aarch64-linux-gnu.so" to ""
-- Installing: /home/rm/ros2_ws/src/ros2_total_demo/install/ros2_total_demo/lib/python3.8/site-packages/ros2_total_demo/ros2_total_demo_s__rosidl_typesupport_introspection_c.cpython-38-aarch64-linux-gnu.so
-- Set runtime path of "/home/rm/ros2_ws/src/ros2_total_demo/install/ros2_total_demo/lib/python3.8/site-packages/ros2_total_demo/ros2_total_demo_s__rosidl_typesupport_introspection_c.cpython-38-aarch64-linux-gnu.so" to ""
-- Installing: /home/rm/ros2_ws/src/ros2_total_demo/install/ros2_total_demo/lib/python3.8/site-packages/ros2_total_demo/ros2_total_demo_s__rosidl_typesupport_c.cpython-38-aarch64-linux-gnu.so
-- Set runtime path of "/home/rm/ros2_ws/src/ros2_total_demo/install/ros2_total_demo/lib/python3.8/site-packages/ros2_total_demo/ros2_total_demo_s__rosidl_typesupport_c.cpython-38-aarch64-linux-gnu.so" to ""
-- Installing: /home/rm/ros2_ws/src/ros2_total_demo/install/ros2_total_demo/lib/libros2_total_demo__python.so
-- Set runtime path of "/home/rm/ros2_ws/src/ros2_total_demo/install/ros2_total_demo/lib/libros2_total_demo__python.so" to ""
-- Installing: /home/rm/ros2_ws/src/ros2_total_demo/install/ros2_total_demo/share/ros2_total_demo/msg/ObjectPose.idl
-- Installing: /home/rm/ros2_ws/src/ros2_total_demo/install/ros2_total_demo/share/ros2_total_demo/msg/ObjectPose.msg
-- Installing: /home/rm/ros2_ws/src/ros2_total_demo/install/ros2_total_demo/lib/ros2_total_demo/total_demo_node
-- Set runtime path of "/home/rm/ros2_ws/src/ros2_total_demo/install/ros2_total_demo/lib/ros2_total_demo/total_demo_node" to ""
-- Up-to-date: /home/rm/ros2_ws/src/ros2_total_demo/install/ros2_total_demo/lib/python3.8/site-packages/ros2_total_demo
-- Installing: /home/rm/ros2_ws/src/ros2_total_demo/install/ros2_total_demo/lib/python3.8/site-packages/ros2_total_demo/__init__.py
Listing '/home/rm/ros2_ws/src/ros2_total_demo/install/ros2_total_demo/lib/python3.8/site-packages/ros2_total_demo'...
Compiling '/home/rm/ros2_ws/src/ros2_total_demo/install/ros2_total_demo/lib/python3.8/site-packages/ros2_total_demo/__init__.py'...
Listing '/home/rm/ros2_ws/src/ros2_total_demo/install/ros2_total_demo/lib/python3.8/site-packages/ros2_total_demo/msg'...
Compiling '/home/rm/ros2_ws/src/ros2_total_demo/install/ros2_total_demo/lib/python3.8/site-packages/ros2_total_demo/msg/__init__.py'...
Compiling '/home/rm/ros2_ws/src/ros2_total_demo/install/ros2_total_demo/lib/python3.8/site-packages/ros2_total_demo/msg/_object_pose.py'...
-- Installing: /home/rm/ros2_ws/src/ros2_total_demo/install/ros2_total_demo/lib/ros2_total_demo/camera_0.py
-- Installing: /home/rm/ros2_ws/src/ros2_total_demo/install/ros2_total_demo/lib/ros2_total_demo/camera_1.py
-- Installing: /home/rm/ros2_ws/src/ros2_total_demo/install/ros2_total_demo/lib/ros2_total_demo/realsense_camera_0.py
-- Installing: /home/rm/ros2_ws/src/ros2_total_demo/install/ros2_total_demo/lib/ros2_total_demo/realsense_camera_1.py
-- Installing: /home/rm/ros2_ws/src/ros2_total_demo/install/ros2_total_demo/lib/ros2_total_demo/realsense_camera_2.py
-- Installing: /home/rm/ros2_ws/src/ros2_total_demo/install/ros2_total_demo/lib/ros2_total_demo/detect_object.py
-- Installing: /home/rm/ros2_ws/src/ros2_total_demo/install/ros2_total_demo/lib/ros2_total_demo/catch2object_65_aoyi_agv.py
-- Installing: /home/rm/ros2_ws/src/ros2_total_demo/install/ros2_total_demo/lib/ros2_total_demo/catch2object_65_gripper_agv.py
-- Installing: /home/rm/ros2_ws/src/ros2_total_demo/install/ros2_total_demo/lib/ros2_total_demo/aoyi_hand.py
-- Installing: /home/rm/ros2_ws/src/ros2_total_demo/install/ros2_total_demo/lib/ros2_total_demo/shu_demo.py
-- Installing: /home/rm/ros2_ws/src/ros2_total_demo/install/ros2_total_demo/lib/ros2_total_demo/weight
-- Installing: /home/rm/ros2_ws/src/ros2_total_demo/install/ros2_total_demo/lib/ros2_total_demo/weight/best.pt
-- Installing: /home/rm/ros2_ws/src/ros2_total_demo/install/ros2_total_demo/lib/ros2_total_demo/config
-- Installing: /home/rm/ros2_ws/src/ros2_total_demo/install/ros2_total_demo/lib/ros2_total_demo/config/config.yaml
-- Installing: /home/rm/ros2_ws/src/ros2_total_demo/install/ros2_total_demo/share/ros2_total_demo/launch
-- Installing: /home/rm/ros2_ws/src/ros2_total_demo/install/ros2_total_demo/share/ros2_total_demo/launch/start_65_agv.launch.py
-- Installing: /home/rm/ros2_ws/src/ros2_total_demo/install/ros2_total_demo/share/ros2_total_demo/launch/total_demo.launch.py
-- Up-to-date: /home/rm/ros2_ws/src/ros2_total_demo/install/ros2_total_demo/share/ros2_total_demo/msg
-- Up-to-date: /home/rm/ros2_ws/src/ros2_total_demo/install/ros2_total_demo/share/ros2_total_demo/msg/ObjectPose.msg
-- Installing: /home/rm/ros2_ws/src/ros2_total_demo/install/ros2_total_demo/share/ros2_total_demo/scripts
-- Installing: /home/rm/ros2_ws/src/ros2_total_demo/install/ros2_total_demo/share/ros2_total_demo/scripts/catch2object_65_gripper_agv.py
-- Installing: /home/rm/ros2_ws/src/ros2_total_demo/install/ros2_total_demo/share/ros2_total_demo/scripts/realsense_camera_0.py
-- Installing: /home/rm/ros2_ws/src/ros2_total_demo/install/ros2_total_demo/share/ros2_total_demo/scripts/1.py
-- Installing: /home/rm/ros2_ws/src/ros2_total_demo/install/ros2_total_demo/share/ros2_total_demo/scripts/catch2object_65_aoyi_agv.py
-- Installing: /home/rm/ros2_ws/src/ros2_total_demo/install/ros2_total_demo/share/ros2_total_demo/scripts/detect_object.py
-- Installing: /home/rm/ros2_ws/src/ros2_total_demo/install/ros2_total_demo/share/ros2_total_demo/scripts/shu_demo.py
-- Installing: /home/rm/ros2_ws/src/ros2_total_demo/install/ros2_total_demo/share/ros2_total_demo/scripts/camera_1.py
-- Installing: /home/rm/ros2_ws/src/ros2_total_demo/install/ros2_total_demo/share/ros2_total_demo/scripts/camera_0.py
-- Installing: /home/rm/ros2_ws/src/ros2_total_demo/install/ros2_total_demo/share/ros2_total_demo/scripts/aoyi_hand.py
-- Installing: /home/rm/ros2_ws/src/ros2_total_demo/install/ros2_total_demo/share/ros2_total_demo/scripts/realsense_camera_2.py
-- Installing: /home/rm/ros2_ws/src/ros2_total_demo/install/ros2_total_demo/share/ros2_total_demo/scripts/realsense_camera_1.py
-- Installing: /home/rm/ros2_ws/src/ros2_total_demo/install/ros2_total_demo/share/ament_index/resource_index/package_run_dependencies/ros2_total_demo
-- Installing: /home/rm/ros2_ws/src/ros2_total_demo/install/ros2_total_demo/share/ament_index/resource_index/parent_prefix_path/ros2_total_demo
-- Installing: /home/rm/ros2_ws/src/ros2_total_demo/install/ros2_total_demo/share/ros2_total_demo/environment/ament_prefix_path.sh
-- Installing: /home/rm/ros2_ws/src/ros2_total_demo/install/ros2_total_demo/share/ros2_total_demo/environment/ament_prefix_path.dsv
-- Installing: /home/rm/ros2_ws/src/ros2_total_demo/install/ros2_total_demo/share/ros2_total_demo/environment/path.sh
-- Installing: /home/rm/ros2_ws/src/ros2_total_demo/install/ros2_total_demo/share/ros2_total_demo/environment/path.dsv
-- Installing: /home/rm/ros2_ws/src/ros2_total_demo/install/ros2_total_demo/share/ros2_total_demo/local_setup.bash
-- Installing: /home/rm/ros2_ws/src/ros2_total_demo/install/ros2_total_demo/share/ros2_total_demo/local_setup.sh
-- Installing: /home/rm/ros2_ws/src/ros2_total_demo/install/ros2_total_demo/share/ros2_total_demo/local_setup.zsh
-- Installing: /home/rm/ros2_ws/src/ros2_total_demo/install/ros2_total_demo/share/ros2_total_demo/local_setup.dsv
-- Installing: /home/rm/ros2_ws/src/ros2_total_demo/install/ros2_total_demo/share/ros2_total_demo/package.dsv
-- Installing: /home/rm/ros2_ws/src/ros2_total_demo/install/ros2_total_demo/share/ament_index/resource_index/packages/ros2_total_demo
-- Installing: /home/rm/ros2_ws/src/ros2_total_demo/install/ros2_total_demo/share/ros2_total_demo/cmake/ros2_total_demo__rosidl_generator_cExport.cmake
-- Installing: /home/rm/ros2_ws/src/ros2_total_demo/install/ros2_total_demo/share/ros2_total_demo/cmake/ros2_total_demo__rosidl_generator_cExport-noconfig.cmake
-- Installing: /home/rm/ros2_ws/src/ros2_total_demo/install/ros2_total_demo/share/ros2_total_demo/cmake/ros2_total_demo__rosidl_typesupport_introspection_cExport.cmake
-- Installing: /home/rm/ros2_ws/src/ros2_total_demo/install/ros2_total_demo/share/ros2_total_demo/cmake/ros2_total_demo__rosidl_typesupport_introspection_cExport-noconfig.cmake
-- Installing: /home/rm/ros2_ws/src/ros2_total_demo/install/ros2_total_demo/share/ros2_total_demo/cmake/ros2_total_demo__rosidl_typesupport_cExport.cmake
-- Installing: /home/rm/ros2_ws/src/ros2_total_demo/install/ros2_total_demo/share/ros2_total_demo/cmake/ros2_total_demo__rosidl_typesupport_cExport-noconfig.cmake
-- Installing: /home/rm/ros2_ws/src/ros2_total_demo/install/ros2_total_demo/share/ros2_total_demo/cmake/ros2_total_demo__rosidl_generator_cppExport.cmake
-- Installing: /home/rm/ros2_ws/src/ros2_total_demo/install/ros2_total_demo/share/ros2_total_demo/cmake/ros2_total_demo__rosidl_typesupport_introspection_cppExport.cmake
-- Installing: /home/rm/ros2_ws/src/ros2_total_demo/install/ros2_total_demo/share/ros2_total_demo/cmake/ros2_total_demo__rosidl_typesupport_introspection_cppExport-noconfig.cmake
-- Installing: /home/rm/ros2_ws/src/ros2_total_demo/install/ros2_total_demo/share/ros2_total_demo/cmake/ros2_total_demo__rosidl_typesupport_cppExport.cmake
-- Installing: /home/rm/ros2_ws/src/ros2_total_demo/install/ros2_total_demo/share/ros2_total_demo/cmake/ros2_total_demo__rosidl_typesupport_cppExport-noconfig.cmake
-- Installing: /home/rm/ros2_ws/src/ros2_total_demo/install/ros2_total_demo/share/ros2_total_demo/cmake/rosidl_cmake-extras.cmake
-- Installing: /home/rm/ros2_ws/src/ros2_total_demo/install/ros2_total_demo/share/ros2_total_demo/cmake/ament_cmake_export_dependencies-extras.cmake
-- Installing: /home/rm/ros2_ws/src/ros2_total_demo/install/ros2_total_demo/share/ros2_total_demo/cmake/ament_cmake_export_libraries-extras.cmake
-- Installing: /home/rm/ros2_ws/src/ros2_total_demo/install/ros2_total_demo/share/ros2_total_demo/cmake/ament_cmake_export_targets-extras.cmake
-- Installing: /home/rm/ros2_ws/src/ros2_total_demo/install/ros2_total_demo/share/ros2_total_demo/cmake/ament_cmake_export_include_directories-extras.cmake
-- Installing: /home/rm/ros2_ws/src/ros2_total_demo/install/ros2_total_demo/share/ros2_total_demo/cmake/rosidl_cmake_export_typesupport_libraries-extras.cmake
-- Installing: /home/rm/ros2_ws/src/ros2_total_demo/install/ros2_total_demo/share/ros2_total_demo/cmake/rosidl_cmake_export_typesupport_targets-extras.cmake
-- Installing: /home/rm/ros2_ws/src/ros2_total_demo/install/ros2_total_demo/share/ros2_total_demo/cmake/ros2_total_demoConfig.cmake
-- Installing: /home/rm/ros2_ws/src/ros2_total_demo/install/ros2_total_demo/share/ros2_total_demo/cmake/ros2_total_demoConfig-version.cmake
-- Installing: /home/rm/ros2_ws/src/ros2_total_demo/install/ros2_total_demo/share/ros2_total_demo/package.xml
