[0.029s] Invoking command in '/home/rm/ros2_ws/src/ros2_total_demo/build/ros2_total_demo': CMAKE_PREFIX_PATH=${CMAKE_PREFIX_PATH}:/home/rm/ros2_ws/install/rm_camera_demo:/opt/ros/foxy /usr/bin/cmake /home/rm/ros2_ws/src/ros2_total_demo -DCMAKE_INSTALL_PREFIX=/home/rm/ros2_ws/src/ros2_total_demo/install/ros2_total_demo
[0.217s] -- The C compiler identification is GNU 9.4.0
[0.378s] -- The CXX compiler identification is GNU 9.4.0
[0.390s] -- Check for working C compiler: /usr/bin/cc
[0.543s] -- Check for working C compiler: /usr/bin/cc -- works
[0.547s] -- Detecting C compiler ABI info
[0.716s] -- Detecting C compiler ABI info - done
[0.734s] -- Detecting C compile features
[0.735s] -- Detecting C compile features - done
[0.741s] -- Check for working CXX compiler: /usr/bin/c++
[0.909s] -- Check for working CXX compiler: /usr/bin/c++ -- works
[0.911s] -- Detecting CXX compiler ABI info
[1.084s] -- Detecting CXX compiler ABI info - done
[1.116s] -- Detecting CXX compile features
[1.117s] -- Detecting CXX compile features - done
[1.125s] -- Found ament_cmake: 0.9.12 (/opt/ros/foxy/share/ament_cmake/cmake)
[1.186s] -- Found PythonInterp: /usr/bin/python3 (found suitable version "3.8.10", minimum required is "3") 
[1.187s] -- Using PYTHON_EXECUTABLE: /usr/bin/python3
[1.702s] -- Found rclpy: 1.0.13 (/opt/ros/foxy/share/rclpy/cmake)
[1.716s] -- Found rclcpp: 2.4.3 (/opt/ros/foxy/share/rclcpp/cmake)
[1.844s] -- Using all available rosidl_typesupport_c: rosidl_typesupport_fastrtps_c;rosidl_typesupport_introspection_c
[1.867s] -- Found rosidl_adapter: 1.3.1 (/opt/ros/foxy/share/rosidl_adapter/cmake)
[2.097s] -- Found OpenSSL: /usr/lib/aarch64-linux-gnu/libcrypto.so (found version "1.1.1f")  
[2.163s] -- Found FastRTPS: /opt/ros/foxy/include  
[2.349s] -- Using all available rosidl_typesupport_cpp: rosidl_typesupport_fastrtps_cpp;rosidl_typesupport_introspection_cpp
[2.478s] -- Found rmw_implementation_cmake: 1.0.4 (/opt/ros/foxy/share/rmw_implementation_cmake/cmake)
[2.482s] -- Using RMW implementation 'rmw_fastrtps_cpp' as default
[2.493s] -- Looking for pthread.h
[2.663s] -- Looking for pthread.h - found
[2.663s] -- Performing Test CMAKE_HAVE_LIBC_PTHREAD
[2.826s] -- Performing Test CMAKE_HAVE_LIBC_PTHREAD - Failed
[2.826s] -- Looking for pthread_create in pthreads
[2.971s] -- Looking for pthread_create in pthreads - not found
[2.971s] -- Looking for pthread_create in pthread
[3.138s] -- Looking for pthread_create in pthread - found
[3.139s] -- Found Threads: TRUE  
[3.449s] -- Found sensor_msgs: 2.0.5 (/opt/ros/foxy/share/sensor_msgs/cmake)
[3.667s] -- Found rm_ros_interfaces: 0.0.0 (/home/rm/ros2_ws/install/rm_ros_interfaces/share/rm_ros_interfaces/cmake)
[3.806s] -- Found servo_interfaces: 0.0.0 (/home/rm/ros2_ws/install/servo_interfaces/share/servo_interfaces/cmake)
[3.864s] -- Found cv_bridge: 3.0.7 (/opt/ros/foxy/share/cv_bridge/cmake)
[3.910s] -- Found CUDA: /usr/local/cuda-11.4 (found suitable exact version "11.4") 
[4.007s] -- Found OpenCV: /usr/local (found version "4.5.3") 
[4.014s] -- Found rosidl_default_generators: 1.0.1 (/opt/ros/foxy/share/rosidl_default_generators/cmake)
[4.096s] -- Found PythonInterp: /usr/bin/python3 (found version "3.8.10") 
[4.372s] -- Found ament_cmake_ros: 0.9.2 (/opt/ros/foxy/share/ament_cmake_ros/cmake)
[4.616s] -- Using all available rosidl_typesupport_c: rosidl_typesupport_fastrtps_c;rosidl_typesupport_introspection_c
[4.635s] -- Using all available rosidl_typesupport_cpp: rosidl_typesupport_fastrtps_cpp;rosidl_typesupport_introspection_cpp
[4.692s] -- Found PythonInterp: /usr/bin/python3 (found suitable version "3.8.10", minimum required is "3.5") 
[4.698s] -- Found python_cmake_module: 0.8.1 (/opt/ros/foxy/share/python_cmake_module/cmake)
[4.769s] -- Found PythonLibs: /usr/lib/aarch64-linux-gnu/libpython3.8.so (found suitable version "3.8.10", minimum required is "3.5") 
[4.769s] -- Using PYTHON_EXECUTABLE: /usr/bin/python3
[4.769s] -- Using PYTHON_INCLUDE_DIRS: /usr/include/python3.8
[4.770s] -- Using PYTHON_LIBRARIES: /usr/lib/aarch64-linux-gnu/libpython3.8.so
[4.820s] -- Found PythonExtra: .so  
[4.972s] -- Found ament_lint_auto: 0.9.8 (/opt/ros/foxy/share/ament_lint_auto/cmake)
[5.042s] -- Added test 'copyright' to check source files copyright and LICENSE
[5.059s] -- Added test 'cppcheck' to perform static code analysis on C / C++ code
[5.064s] -- Configured cppcheck include dirs: /home/rm/ros2_ws/src/ros2_total_demo/include;/home/rm/ros2_ws/src/ros2_total_demo/include/ros2_total_demo;$<BUILD_INTERFACE:/home/rm/ros2_ws/src/ros2_total_demo/build/ros2_total_demo/rosidl_generator_c>;/home/rm/ros2_ws/src/ros2_total_demo/build/ros2_total_demo/rosidl_generator_c;/home/rm/ros2_ws/src/ros2_total_demo/build/ros2_total_demo/rosidl_generator_cpp;/home/rm/ros2_ws/src/ros2_total_demo/build/ros2_total_demo/rosidl_typesupport_fastrtps_c;/home/rm/ros2_ws/src/ros2_total_demo/build/ros2_total_demo/rosidl_typesupport_fastrtps_cpp;$<BUILD_INTERFACE:/home/rm/ros2_ws/src/ros2_total_demo/build/ros2_total_demo/rosidl_typesupport_introspection_c>;$<BUILD_INTERFACE:/home/rm/ros2_ws/src/ros2_total_demo/build/ros2_total_demo/rosidl_typesupport_c>;$<BUILD_INTERFACE:/home/rm/ros2_ws/src/ros2_total_demo/build/ros2_total_demo/rosidl_generator_cpp>;/home/rm/ros2_ws/src/ros2_total_demo/build/ros2_total_demo/rosidl_generator_py;$<BUILD_INTERFACE:/home/rm/ros2_ws/src/ros2_total_demo/include>
[5.065s] -- Configured cppcheck exclude dirs and/or files: 
[5.082s] -- Added test 'cpplint' to check C / C++ code against the Google style
[5.082s] -- Configured cpplint exclude dirs and/or files: 
[5.086s] -- Added test 'flake8' to check Python code syntax and style conventions
[5.091s] -- Added test 'lint_cmake' to check CMake code style
[5.094s] -- Added test 'pep257' to check Python code against some of the style conventions in PEP 257
[5.112s] -- Added test 'uncrustify' to check C / C++ code style
[5.112s] -- Configured uncrustify additional arguments: 
[5.115s] -- Added test 'xmllint' to check XML markup files
[5.129s] -- Configuring done
[5.235s] -- Generating done
[5.285s] -- Build files have been written to: /home/rm/ros2_ws/src/ros2_total_demo/build/ros2_total_demo
[5.320s] Invoked command in '/home/rm/ros2_ws/src/ros2_total_demo/build/ros2_total_demo' returned '0': CMAKE_PREFIX_PATH=${CMAKE_PREFIX_PATH}:/home/rm/ros2_ws/install/rm_camera_demo:/opt/ros/foxy /usr/bin/cmake /home/rm/ros2_ws/src/ros2_total_demo -DCMAKE_INSTALL_PREFIX=/home/rm/ros2_ws/src/ros2_total_demo/install/ros2_total_demo
[5.330s] Invoking command in '/home/rm/ros2_ws/src/ros2_total_demo/build/ros2_total_demo': CMAKE_PREFIX_PATH=${CMAKE_PREFIX_PATH}:/home/rm/ros2_ws/install/rm_camera_demo:/opt/ros/foxy /usr/bin/cmake --build /home/rm/ros2_ws/src/ros2_total_demo/build/ros2_total_demo -- -j12 -l12
[5.431s] [  2%] [34m[1mGenerating C code for ROS interfaces[0m
[5.432s] [35m[1mScanning dependencies of target ros2_total_demo__cpp[0m
[5.432s] [35m[1mScanning dependencies of target total_demo_node[0m
[5.458s] [  5%] [34m[1mGenerating C++ code for ROS interfaces[0m
[5.596s] [  8%] [32mBuilding CXX object CMakeFiles/total_demo_node.dir/src/dual_arm.cpp.o[0m
[5.596s] [ 11%] [32mBuilding CXX object CMakeFiles/total_demo_node.dir/src/total_demo_node.cpp.o[0m
[5.914s] [35m[1mScanning dependencies of target ros2_total_demo__rosidl_generator_c[0m
[5.932s] [ 11%] Built target ros2_total_demo__cpp
[5.943s] [ 14%] [32mBuilding C object CMakeFiles/ros2_total_demo__rosidl_generator_c.dir/rosidl_generator_c/ros2_total_demo/msg/detail/object_pose__functions.c.o[0m
[5.957s] [ 17%] [34m[1mGenerating C++ introspection for ROS interfaces[0m
[5.957s] [ 23%] [34m[1mGenerating C++ type support for eProsima Fast-RTPS[0m
[5.958s] [ 23%] [34m[1mGenerating C++ type support dispatch for ROS interfaces[0m
[6.059s] [ 26%] [32m[1mLinking C shared library libros2_total_demo__rosidl_generator_c.so[0m
[6.143s] [ 26%] Built target ros2_total_demo__rosidl_generator_c
[6.170s] [ 32%] [34m[1mGenerating C introspection for ROS interfaces[0m
[6.170s] [ 32%] [34m[1mGenerating C type support dispatch for ROS interfaces[0m
[6.388s] [35m[1mScanning dependencies of target ros2_total_demo__rosidl_typesupport_cpp[0m
[6.417s] [ 35%] [32mBuilding CXX object CMakeFiles/ros2_total_demo__rosidl_typesupport_cpp.dir/rosidl_typesupport_cpp/ros2_total_demo/msg/object_pose__type_support.cpp.o[0m
[6.429s] [35m[1mScanning dependencies of target ros2_total_demo__rosidl_typesupport_introspection_cpp[0m
[6.441s] [35m[1mScanning dependencies of target ros2_total_demo__rosidl_typesupport_fastrtps_cpp[0m
[6.463s] [ 38%] [32mBuilding CXX object CMakeFiles/ros2_total_demo__rosidl_typesupport_introspection_cpp.dir/rosidl_typesupport_introspection_cpp/ros2_total_demo/msg/detail/object_pose__type_support.cpp.o[0m
[6.478s] [ 41%] [32mBuilding CXX object CMakeFiles/ros2_total_demo__rosidl_typesupport_fastrtps_cpp.dir/rosidl_typesupport_fastrtps_cpp/ros2_total_demo/msg/detail/dds_fastrtps/object_pose__type_support.cpp.o[0m
[6.602s] [35m[1mScanning dependencies of target ros2_total_demo__rosidl_typesupport_c[0m
[6.634s] [ 44%] [32mBuilding CXX object CMakeFiles/ros2_total_demo__rosidl_typesupport_c.dir/rosidl_typesupport_c/ros2_total_demo/msg/object_pose__type_support.cpp.o[0m
[6.644s] [35m[1mScanning dependencies of target ros2_total_demo__rosidl_typesupport_introspection_c[0m
[6.678s] [ 47%] [32mBuilding C object CMakeFiles/ros2_total_demo__rosidl_typesupport_introspection_c.dir/rosidl_typesupport_introspection_c/ros2_total_demo/msg/detail/object_pose__type_support.c.o[0m
[6.713s] [ 50%] [32m[1mLinking CXX shared library libros2_total_demo__rosidl_typesupport_c.so[0m
[6.758s] [ 52%] [32m[1mLinking C shared library libros2_total_demo__rosidl_typesupport_introspection_c.so[0m
[6.813s] [ 52%] Built target ros2_total_demo__rosidl_typesupport_c
[6.833s] [ 52%] Built target ros2_total_demo__rosidl_typesupport_introspection_c
[7.069s] [ 55%] [32m[1mLinking CXX shared library libros2_total_demo__rosidl_typesupport_cpp.so[0m
[7.121s] [ 58%] [32m[1mLinking CXX shared library libros2_total_demo__rosidl_typesupport_introspection_cpp.so[0m
[7.150s] [ 58%] Built target ros2_total_demo__rosidl_typesupport_cpp
[7.209s] [ 58%] Built target ros2_total_demo__rosidl_typesupport_introspection_cpp
[7.423s] [ 61%] [32m[1mLinking CXX shared library libros2_total_demo__rosidl_typesupport_fastrtps_cpp.so[0m
[7.597s] [ 61%] Built target ros2_total_demo__rosidl_typesupport_fastrtps_cpp
[7.622s] [ 64%] [34m[1mGenerating C type support for eProsima Fast-RTPS[0m
[8.075s] [35m[1mScanning dependencies of target ros2_total_demo__rosidl_typesupport_fastrtps_c[0m
[8.107s] [ 67%] [32mBuilding CXX object CMakeFiles/ros2_total_demo__rosidl_typesupport_fastrtps_c.dir/rosidl_typesupport_fastrtps_c/ros2_total_demo/msg/detail/object_pose__type_support_c.cpp.o[0m
[8.878s] [ 70%] [32m[1mLinking CXX shared library libros2_total_demo__rosidl_typesupport_fastrtps_c.so[0m
[9.052s] [ 70%] Built target ros2_total_demo__rosidl_typesupport_fastrtps_c
[9.081s] [35m[1mScanning dependencies of target ros2_total_demo[0m
[9.107s] [ 70%] Built target ros2_total_demo
[9.132s] [35m[1mScanning dependencies of target ros2_total_demo__py[0m
[9.158s] [ 73%] [34m[1mGenerating Python code for ROS interfaces[0m
[9.894s] [ 73%] Built target ros2_total_demo__py
[9.920s] [35m[1mScanning dependencies of target ros2_total_demo__python[0m
[9.980s] [ 76%] [32mBuilding C object CMakeFiles/ros2_total_demo__python.dir/rosidl_generator_py/ros2_total_demo/msg/_object_pose_s.c.o[0m
[10.174s] [ 79%] [32m[1mLinking C shared library rosidl_generator_py/ros2_total_demo/libros2_total_demo__python.so[0m
[10.252s] [ 79%] Built target ros2_total_demo__python
[10.279s] [35m[1mScanning dependencies of target ros2_total_demo__rosidl_typesupport_fastrtps_c__pyext[0m
[10.279s] [35m[1mScanning dependencies of target ros2_total_demo__rosidl_typesupport_introspection_c__pyext[0m
[10.282s] [35m[1mScanning dependencies of target ros2_total_demo__rosidl_typesupport_c__pyext[0m
[10.322s] [ 85%] [32mBuilding C object CMakeFiles/ros2_total_demo__rosidl_typesupport_introspection_c__pyext.dir/rosidl_generator_py/ros2_total_demo/_ros2_total_demo_s.ep.rosidl_typesupport_introspection_c.c.o[0m
[10.322s] [ 85%] [32mBuilding C object CMakeFiles/ros2_total_demo__rosidl_typesupport_fastrtps_c__pyext.dir/rosidl_generator_py/ros2_total_demo/_ros2_total_demo_s.ep.rosidl_typesupport_fastrtps_c.c.o[0m
[10.328s] [ 88%] [32mBuilding C object CMakeFiles/ros2_total_demo__rosidl_typesupport_c__pyext.dir/rosidl_generator_py/ros2_total_demo/_ros2_total_demo_s.ep.rosidl_typesupport_c.c.o[0m
[10.496s] [ 94%] [32m[1mLinking C shared library rosidl_generator_py/ros2_total_demo/ros2_total_demo_s__rosidl_typesupport_c.cpython-38-aarch64-linux-gnu.so[0m
[10.496s] [ 94%] [32m[1mLinking CXX shared library rosidl_generator_py/ros2_total_demo/ros2_total_demo_s__rosidl_typesupport_fastrtps_c.cpython-38-aarch64-linux-gnu.so[0m
[10.499s] [ 97%] [32m[1mLinking C shared library rosidl_generator_py/ros2_total_demo/ros2_total_demo_s__rosidl_typesupport_introspection_c.cpython-38-aarch64-linux-gnu.so[0m
[10.571s] [ 97%] Built target ros2_total_demo__rosidl_typesupport_c__pyext
[10.581s] [ 97%] Built target ros2_total_demo__rosidl_typesupport_introspection_c__pyext
[10.617s] [ 97%] Built target ros2_total_demo__rosidl_typesupport_fastrtps_c__pyext
[25.241s] [100%] [32m[1mLinking CXX executable total_demo_node[0m
[26.450s] [100%] Built target total_demo_node
[26.483s] Invoked command in '/home/rm/ros2_ws/src/ros2_total_demo/build/ros2_total_demo' returned '0': CMAKE_PREFIX_PATH=${CMAKE_PREFIX_PATH}:/home/rm/ros2_ws/install/rm_camera_demo:/opt/ros/foxy /usr/bin/cmake --build /home/rm/ros2_ws/src/ros2_total_demo/build/ros2_total_demo -- -j12 -l12
[26.521s] Invoking command in '/home/rm/ros2_ws/src/ros2_total_demo/build/ros2_total_demo': CMAKE_PREFIX_PATH=${CMAKE_PREFIX_PATH}:/home/rm/ros2_ws/install/rm_camera_demo:/opt/ros/foxy /usr/bin/cmake --install /home/rm/ros2_ws/src/ros2_total_demo/build/ros2_total_demo
[26.543s] -- Install configuration: ""
[26.544s] -- Installing: /home/rm/ros2_ws/src/ros2_total_demo/install/ros2_total_demo/share/ament_index/resource_index/rosidl_interfaces/ros2_total_demo
[26.544s] -- Installing: /home/rm/ros2_ws/src/ros2_total_demo/install/ros2_total_demo/include/ros2_total_demo
[26.544s] -- Installing: /home/rm/ros2_ws/src/ros2_total_demo/install/ros2_total_demo/include/ros2_total_demo/msg
[26.544s] -- Installing: /home/rm/ros2_ws/src/ros2_total_demo/install/ros2_total_demo/include/ros2_total_demo/msg/detail
[26.545s] -- Installing: /home/rm/ros2_ws/src/ros2_total_demo/install/ros2_total_demo/include/ros2_total_demo/msg/detail/object_pose__functions.h
[26.545s] -- Installing: /home/rm/ros2_ws/src/ros2_total_demo/install/ros2_total_demo/include/ros2_total_demo/msg/detail/object_pose__functions.c
[26.545s] -- Installing: /home/rm/ros2_ws/src/ros2_total_demo/install/ros2_total_demo/include/ros2_total_demo/msg/detail/object_pose__struct.h
[26.545s] -- Installing: /home/rm/ros2_ws/src/ros2_total_demo/install/ros2_total_demo/include/ros2_total_demo/msg/detail/object_pose__type_support.h
[26.546s] -- Installing: /home/rm/ros2_ws/src/ros2_total_demo/install/ros2_total_demo/include/ros2_total_demo/msg/rosidl_generator_c__visibility_control.h
[26.546s] -- Installing: /home/rm/ros2_ws/src/ros2_total_demo/install/ros2_total_demo/include/ros2_total_demo/msg/object_pose.h
[26.546s] -- Installing: /home/rm/ros2_ws/src/ros2_total_demo/install/ros2_total_demo/share/ros2_total_demo/environment/library_path.sh
[26.547s] -- Installing: /home/rm/ros2_ws/src/ros2_total_demo/install/ros2_total_demo/share/ros2_total_demo/environment/library_path.dsv
[26.547s] -- Installing: /home/rm/ros2_ws/src/ros2_total_demo/install/ros2_total_demo/lib/libros2_total_demo__rosidl_generator_c.so
[26.548s] -- Set runtime path of "/home/rm/ros2_ws/src/ros2_total_demo/install/ros2_total_demo/lib/libros2_total_demo__rosidl_generator_c.so" to ""
[26.548s] -- Up-to-date: /home/rm/ros2_ws/src/ros2_total_demo/install/ros2_total_demo/include/ros2_total_demo
[26.548s] -- Up-to-date: /home/rm/ros2_ws/src/ros2_total_demo/install/ros2_total_demo/include/ros2_total_demo/msg
[26.549s] -- Up-to-date: /home/rm/ros2_ws/src/ros2_total_demo/install/ros2_total_demo/include/ros2_total_demo/msg/detail
[26.549s] -- Installing: /home/rm/ros2_ws/src/ros2_total_demo/install/ros2_total_demo/include/ros2_total_demo/msg/detail/object_pose__rosidl_typesupport_fastrtps_c.h
[26.549s] -- Installing: /home/rm/ros2_ws/src/ros2_total_demo/install/ros2_total_demo/include/ros2_total_demo/msg/rosidl_typesupport_fastrtps_c__visibility_control.h
[26.549s] -- Installing: /home/rm/ros2_ws/src/ros2_total_demo/install/ros2_total_demo/lib/libros2_total_demo__rosidl_typesupport_fastrtps_c.so
[26.550s] -- Set runtime path of "/home/rm/ros2_ws/src/ros2_total_demo/install/ros2_total_demo/lib/libros2_total_demo__rosidl_typesupport_fastrtps_c.so" to ""
[26.550s] -- Up-to-date: /home/rm/ros2_ws/src/ros2_total_demo/install/ros2_total_demo/include/ros2_total_demo
[26.550s] -- Up-to-date: /home/rm/ros2_ws/src/ros2_total_demo/install/ros2_total_demo/include/ros2_total_demo/msg
[26.550s] -- Up-to-date: /home/rm/ros2_ws/src/ros2_total_demo/install/ros2_total_demo/include/ros2_total_demo/msg/detail
[26.551s] -- Installing: /home/rm/ros2_ws/src/ros2_total_demo/install/ros2_total_demo/include/ros2_total_demo/msg/detail/object_pose__rosidl_typesupport_fastrtps_cpp.hpp
[26.551s] -- Installing: /home/rm/ros2_ws/src/ros2_total_demo/install/ros2_total_demo/include/ros2_total_demo/msg/detail/dds_fastrtps
[26.551s] -- Installing: /home/rm/ros2_ws/src/ros2_total_demo/install/ros2_total_demo/include/ros2_total_demo/msg/rosidl_typesupport_fastrtps_cpp__visibility_control.h
[26.551s] -- Installing: /home/rm/ros2_ws/src/ros2_total_demo/install/ros2_total_demo/lib/libros2_total_demo__rosidl_typesupport_fastrtps_cpp.so
[26.552s] -- Set runtime path of "/home/rm/ros2_ws/src/ros2_total_demo/install/ros2_total_demo/lib/libros2_total_demo__rosidl_typesupport_fastrtps_cpp.so" to ""
[26.552s] -- Up-to-date: /home/rm/ros2_ws/src/ros2_total_demo/install/ros2_total_demo/include/ros2_total_demo
[26.552s] -- Up-to-date: /home/rm/ros2_ws/src/ros2_total_demo/install/ros2_total_demo/include/ros2_total_demo/msg
[26.552s] -- Up-to-date: /home/rm/ros2_ws/src/ros2_total_demo/install/ros2_total_demo/include/ros2_total_demo/msg/detail
[26.552s] -- Installing: /home/rm/ros2_ws/src/ros2_total_demo/install/ros2_total_demo/include/ros2_total_demo/msg/detail/object_pose__rosidl_typesupport_introspection_c.h
[26.553s] -- Installing: /home/rm/ros2_ws/src/ros2_total_demo/install/ros2_total_demo/include/ros2_total_demo/msg/detail/object_pose__type_support.c
[26.553s] -- Installing: /home/rm/ros2_ws/src/ros2_total_demo/install/ros2_total_demo/include/ros2_total_demo/msg/rosidl_typesupport_introspection_c__visibility_control.h
[26.553s] -- Installing: /home/rm/ros2_ws/src/ros2_total_demo/install/ros2_total_demo/lib/libros2_total_demo__rosidl_typesupport_introspection_c.so
[26.553s] -- Set runtime path of "/home/rm/ros2_ws/src/ros2_total_demo/install/ros2_total_demo/lib/libros2_total_demo__rosidl_typesupport_introspection_c.so" to ""
[26.554s] -- Installing: /home/rm/ros2_ws/src/ros2_total_demo/install/ros2_total_demo/lib/libros2_total_demo__rosidl_typesupport_c.so
[26.554s] -- Set runtime path of "/home/rm/ros2_ws/src/ros2_total_demo/install/ros2_total_demo/lib/libros2_total_demo__rosidl_typesupport_c.so" to ""
[26.554s] -- Up-to-date: /home/rm/ros2_ws/src/ros2_total_demo/install/ros2_total_demo/include/ros2_total_demo
[26.555s] -- Up-to-date: /home/rm/ros2_ws/src/ros2_total_demo/install/ros2_total_demo/include/ros2_total_demo/msg
[26.555s] -- Installing: /home/rm/ros2_ws/src/ros2_total_demo/install/ros2_total_demo/include/ros2_total_demo/msg/object_pose.hpp
[26.555s] -- Up-to-date: /home/rm/ros2_ws/src/ros2_total_demo/install/ros2_total_demo/include/ros2_total_demo/msg/detail
[26.555s] -- Installing: /home/rm/ros2_ws/src/ros2_total_demo/install/ros2_total_demo/include/ros2_total_demo/msg/detail/object_pose__traits.hpp
[26.555s] -- Installing: /home/rm/ros2_ws/src/ros2_total_demo/install/ros2_total_demo/include/ros2_total_demo/msg/detail/object_pose__struct.hpp
[26.555s] -- Installing: /home/rm/ros2_ws/src/ros2_total_demo/install/ros2_total_demo/include/ros2_total_demo/msg/detail/object_pose__type_support.hpp
[26.556s] -- Installing: /home/rm/ros2_ws/src/ros2_total_demo/install/ros2_total_demo/include/ros2_total_demo/msg/detail/object_pose__builder.hpp
[26.556s] -- Installing: /home/rm/ros2_ws/src/ros2_total_demo/install/ros2_total_demo/include/ros2_total_demo/msg/rosidl_generator_cpp__visibility_control.hpp
[26.556s] -- Up-to-date: /home/rm/ros2_ws/src/ros2_total_demo/install/ros2_total_demo/include/ros2_total_demo
[26.556s] -- Up-to-date: /home/rm/ros2_ws/src/ros2_total_demo/install/ros2_total_demo/include/ros2_total_demo/msg
[26.557s] -- Up-to-date: /home/rm/ros2_ws/src/ros2_total_demo/install/ros2_total_demo/include/ros2_total_demo/msg/detail
[26.557s] -- Installing: /home/rm/ros2_ws/src/ros2_total_demo/install/ros2_total_demo/include/ros2_total_demo/msg/detail/object_pose__rosidl_typesupport_introspection_cpp.hpp
[26.557s] -- Installing: /home/rm/ros2_ws/src/ros2_total_demo/install/ros2_total_demo/include/ros2_total_demo/msg/detail/object_pose__type_support.cpp
[26.557s] -- Installing: /home/rm/ros2_ws/src/ros2_total_demo/install/ros2_total_demo/lib/libros2_total_demo__rosidl_typesupport_introspection_cpp.so
[26.558s] -- Set runtime path of "/home/rm/ros2_ws/src/ros2_total_demo/install/ros2_total_demo/lib/libros2_total_demo__rosidl_typesupport_introspection_cpp.so" to ""
[26.558s] -- Installing: /home/rm/ros2_ws/src/ros2_total_demo/install/ros2_total_demo/lib/libros2_total_demo__rosidl_typesupport_cpp.so
[26.559s] -- Set runtime path of "/home/rm/ros2_ws/src/ros2_total_demo/install/ros2_total_demo/lib/libros2_total_demo__rosidl_typesupport_cpp.so" to ""
[26.559s] -- Installing: /home/rm/ros2_ws/src/ros2_total_demo/install/ros2_total_demo/share/ros2_total_demo/environment/pythonpath.sh
[26.559s] -- Installing: /home/rm/ros2_ws/src/ros2_total_demo/install/ros2_total_demo/share/ros2_total_demo/environment/pythonpath.dsv
[26.559s] -- Installing: /home/rm/ros2_ws/src/ros2_total_demo/install/ros2_total_demo/lib/python3.8/site-packages/ros2_total_demo/__init__.py
[26.631s] Compiling '/home/rm/ros2_ws/src/ros2_total_demo/install/ros2_total_demo/lib/python3.8/site-packages/ros2_total_demo/__init__.py'...
[26.641s] -- Installing: /home/rm/ros2_ws/src/ros2_total_demo/install/ros2_total_demo/lib/python3.8/site-packages/ros2_total_demo/msg
[26.641s] -- Installing: /home/rm/ros2_ws/src/ros2_total_demo/install/ros2_total_demo/lib/python3.8/site-packages/ros2_total_demo/msg/__init__.py
[26.642s] -- Installing: /home/rm/ros2_ws/src/ros2_total_demo/install/ros2_total_demo/lib/python3.8/site-packages/ros2_total_demo/msg/_object_pose.py
[26.642s] -- Installing: /home/rm/ros2_ws/src/ros2_total_demo/install/ros2_total_demo/lib/python3.8/site-packages/ros2_total_demo/msg/_object_pose_s.c
[26.642s] -- Installing: /home/rm/ros2_ws/src/ros2_total_demo/install/ros2_total_demo/lib/python3.8/site-packages/ros2_total_demo/ros2_total_demo_s__rosidl_typesupport_fastrtps_c.cpython-38-aarch64-linux-gnu.so
[26.643s] -- Set runtime path of "/home/rm/ros2_ws/src/ros2_total_demo/install/ros2_total_demo/lib/python3.8/site-packages/ros2_total_demo/ros2_total_demo_s__rosidl_typesupport_fastrtps_c.cpython-38-aarch64-linux-gnu.so" to ""
[26.644s] -- Installing: /home/rm/ros2_ws/src/ros2_total_demo/install/ros2_total_demo/lib/python3.8/site-packages/ros2_total_demo/ros2_total_demo_s__rosidl_typesupport_introspection_c.cpython-38-aarch64-linux-gnu.so
[26.645s] -- Set runtime path of "/home/rm/ros2_ws/src/ros2_total_demo/install/ros2_total_demo/lib/python3.8/site-packages/ros2_total_demo/ros2_total_demo_s__rosidl_typesupport_introspection_c.cpython-38-aarch64-linux-gnu.so" to ""
[26.645s] -- Installing: /home/rm/ros2_ws/src/ros2_total_demo/install/ros2_total_demo/lib/python3.8/site-packages/ros2_total_demo/ros2_total_demo_s__rosidl_typesupport_c.cpython-38-aarch64-linux-gnu.so
[26.646s] -- Set runtime path of "/home/rm/ros2_ws/src/ros2_total_demo/install/ros2_total_demo/lib/python3.8/site-packages/ros2_total_demo/ros2_total_demo_s__rosidl_typesupport_c.cpython-38-aarch64-linux-gnu.so" to ""
[26.646s] -- Installing: /home/rm/ros2_ws/src/ros2_total_demo/install/ros2_total_demo/lib/libros2_total_demo__python.so
[26.647s] -- Set runtime path of "/home/rm/ros2_ws/src/ros2_total_demo/install/ros2_total_demo/lib/libros2_total_demo__python.so" to ""
[26.647s] -- Installing: /home/rm/ros2_ws/src/ros2_total_demo/install/ros2_total_demo/share/ros2_total_demo/msg/ObjectPose.idl
[26.648s] -- Installing: /home/rm/ros2_ws/src/ros2_total_demo/install/ros2_total_demo/share/ros2_total_demo/msg/ObjectPose.msg
[26.648s] -- Installing: /home/rm/ros2_ws/src/ros2_total_demo/install/ros2_total_demo/lib/ros2_total_demo/total_demo_node
[26.659s] -- Set runtime path of "/home/rm/ros2_ws/src/ros2_total_demo/install/ros2_total_demo/lib/ros2_total_demo/total_demo_node" to ""
[26.659s] -- Up-to-date: /home/rm/ros2_ws/src/ros2_total_demo/install/ros2_total_demo/lib/python3.8/site-packages/ros2_total_demo
[26.659s] -- Installing: /home/rm/ros2_ws/src/ros2_total_demo/install/ros2_total_demo/lib/python3.8/site-packages/ros2_total_demo/__init__.py
[26.730s] Listing '/home/rm/ros2_ws/src/ros2_total_demo/install/ros2_total_demo/lib/python3.8/site-packages/ros2_total_demo'...
[26.730s] Compiling '/home/rm/ros2_ws/src/ros2_total_demo/install/ros2_total_demo/lib/python3.8/site-packages/ros2_total_demo/__init__.py'...
[26.730s] Listing '/home/rm/ros2_ws/src/ros2_total_demo/install/ros2_total_demo/lib/python3.8/site-packages/ros2_total_demo/msg'...
[26.730s] Compiling '/home/rm/ros2_ws/src/ros2_total_demo/install/ros2_total_demo/lib/python3.8/site-packages/ros2_total_demo/msg/__init__.py'...
[26.730s] Compiling '/home/rm/ros2_ws/src/ros2_total_demo/install/ros2_total_demo/lib/python3.8/site-packages/ros2_total_demo/msg/_object_pose.py'...
[26.741s] -- Installing: /home/rm/ros2_ws/src/ros2_total_demo/install/ros2_total_demo/lib/ros2_total_demo/camera_0.py
[26.741s] -- Installing: /home/rm/ros2_ws/src/ros2_total_demo/install/ros2_total_demo/lib/ros2_total_demo/camera_1.py
[26.741s] -- Installing: /home/rm/ros2_ws/src/ros2_total_demo/install/ros2_total_demo/lib/ros2_total_demo/realsense_camera_0.py
[26.741s] -- Installing: /home/rm/ros2_ws/src/ros2_total_demo/install/ros2_total_demo/lib/ros2_total_demo/realsense_camera_1.py
[26.742s] -- Installing: /home/rm/ros2_ws/src/ros2_total_demo/install/ros2_total_demo/lib/ros2_total_demo/realsense_camera_2.py
[26.742s] -- Installing: /home/rm/ros2_ws/src/ros2_total_demo/install/ros2_total_demo/lib/ros2_total_demo/detect_object.py
[26.742s] -- Installing: /home/rm/ros2_ws/src/ros2_total_demo/install/ros2_total_demo/lib/ros2_total_demo/catch2object_65_aoyi_agv.py
[26.742s] -- Installing: /home/rm/ros2_ws/src/ros2_total_demo/install/ros2_total_demo/lib/ros2_total_demo/catch2object_65_gripper_agv.py
[26.742s] -- Installing: /home/rm/ros2_ws/src/ros2_total_demo/install/ros2_total_demo/lib/ros2_total_demo/aoyi_hand.py
[26.743s] -- Installing: /home/rm/ros2_ws/src/ros2_total_demo/install/ros2_total_demo/lib/ros2_total_demo/shu_demo.py
[26.743s] -- Installing: /home/rm/ros2_ws/src/ros2_total_demo/install/ros2_total_demo/lib/ros2_total_demo/weight
[26.743s] -- Installing: /home/rm/ros2_ws/src/ros2_total_demo/install/ros2_total_demo/lib/ros2_total_demo/weight/best.pt
[26.763s] -- Installing: /home/rm/ros2_ws/src/ros2_total_demo/install/ros2_total_demo/lib/ros2_total_demo/config
[26.763s] -- Installing: /home/rm/ros2_ws/src/ros2_total_demo/install/ros2_total_demo/lib/ros2_total_demo/config/config.yaml
[26.763s] -- Installing: /home/rm/ros2_ws/src/ros2_total_demo/install/ros2_total_demo/share/ros2_total_demo/launch
[26.764s] -- Installing: /home/rm/ros2_ws/src/ros2_total_demo/install/ros2_total_demo/share/ros2_total_demo/launch/start_65_agv.launch.py
[26.764s] -- Installing: /home/rm/ros2_ws/src/ros2_total_demo/install/ros2_total_demo/share/ros2_total_demo/launch/total_demo.launch.py
[26.764s] -- Up-to-date: /home/rm/ros2_ws/src/ros2_total_demo/install/ros2_total_demo/share/ros2_total_demo/msg
[26.764s] -- Up-to-date: /home/rm/ros2_ws/src/ros2_total_demo/install/ros2_total_demo/share/ros2_total_demo/msg/ObjectPose.msg
[26.764s] -- Installing: /home/rm/ros2_ws/src/ros2_total_demo/install/ros2_total_demo/share/ros2_total_demo/scripts
[26.765s] -- Installing: /home/rm/ros2_ws/src/ros2_total_demo/install/ros2_total_demo/share/ros2_total_demo/scripts/catch2object_65_gripper_agv.py
[26.765s] -- Installing: /home/rm/ros2_ws/src/ros2_total_demo/install/ros2_total_demo/share/ros2_total_demo/scripts/realsense_camera_0.py
[26.765s] -- Installing: /home/rm/ros2_ws/src/ros2_total_demo/install/ros2_total_demo/share/ros2_total_demo/scripts/1.py
[26.765s] -- Installing: /home/rm/ros2_ws/src/ros2_total_demo/install/ros2_total_demo/share/ros2_total_demo/scripts/catch2object_65_aoyi_agv.py
[26.765s] -- Installing: /home/rm/ros2_ws/src/ros2_total_demo/install/ros2_total_demo/share/ros2_total_demo/scripts/detect_object.py
[26.765s] -- Installing: /home/rm/ros2_ws/src/ros2_total_demo/install/ros2_total_demo/share/ros2_total_demo/scripts/shu_demo.py
[26.766s] -- Installing: /home/rm/ros2_ws/src/ros2_total_demo/install/ros2_total_demo/share/ros2_total_demo/scripts/camera_1.py
[26.766s] -- Installing: /home/rm/ros2_ws/src/ros2_total_demo/install/ros2_total_demo/share/ros2_total_demo/scripts/camera_0.py
[26.766s] -- Installing: /home/rm/ros2_ws/src/ros2_total_demo/install/ros2_total_demo/share/ros2_total_demo/scripts/aoyi_hand.py
[26.766s] -- Installing: /home/rm/ros2_ws/src/ros2_total_demo/install/ros2_total_demo/share/ros2_total_demo/scripts/realsense_camera_2.py
[26.766s] -- Installing: /home/rm/ros2_ws/src/ros2_total_demo/install/ros2_total_demo/share/ros2_total_demo/scripts/realsense_camera_1.py
[26.767s] -- Installing: /home/rm/ros2_ws/src/ros2_total_demo/install/ros2_total_demo/share/ament_index/resource_index/package_run_dependencies/ros2_total_demo
[26.767s] -- Installing: /home/rm/ros2_ws/src/ros2_total_demo/install/ros2_total_demo/share/ament_index/resource_index/parent_prefix_path/ros2_total_demo
[26.767s] -- Installing: /home/rm/ros2_ws/src/ros2_total_demo/install/ros2_total_demo/share/ros2_total_demo/environment/ament_prefix_path.sh
[26.768s] -- Installing: /home/rm/ros2_ws/src/ros2_total_demo/install/ros2_total_demo/share/ros2_total_demo/environment/ament_prefix_path.dsv
[26.768s] -- Installing: /home/rm/ros2_ws/src/ros2_total_demo/install/ros2_total_demo/share/ros2_total_demo/environment/path.sh
[26.768s] -- Installing: /home/rm/ros2_ws/src/ros2_total_demo/install/ros2_total_demo/share/ros2_total_demo/environment/path.dsv
[26.768s] -- Installing: /home/rm/ros2_ws/src/ros2_total_demo/install/ros2_total_demo/share/ros2_total_demo/local_setup.bash
[26.769s] -- Installing: /home/rm/ros2_ws/src/ros2_total_demo/install/ros2_total_demo/share/ros2_total_demo/local_setup.sh
[26.769s] -- Installing: /home/rm/ros2_ws/src/ros2_total_demo/install/ros2_total_demo/share/ros2_total_demo/local_setup.zsh
[26.769s] -- Installing: /home/rm/ros2_ws/src/ros2_total_demo/install/ros2_total_demo/share/ros2_total_demo/local_setup.dsv
[26.770s] -- Installing: /home/rm/ros2_ws/src/ros2_total_demo/install/ros2_total_demo/share/ros2_total_demo/package.dsv
[26.770s] -- Installing: /home/rm/ros2_ws/src/ros2_total_demo/install/ros2_total_demo/share/ament_index/resource_index/packages/ros2_total_demo
[26.771s] -- Installing: /home/rm/ros2_ws/src/ros2_total_demo/install/ros2_total_demo/share/ros2_total_demo/cmake/ros2_total_demo__rosidl_generator_cExport.cmake
[26.771s] -- Installing: /home/rm/ros2_ws/src/ros2_total_demo/install/ros2_total_demo/share/ros2_total_demo/cmake/ros2_total_demo__rosidl_generator_cExport-noconfig.cmake
[26.771s] -- Installing: /home/rm/ros2_ws/src/ros2_total_demo/install/ros2_total_demo/share/ros2_total_demo/cmake/ros2_total_demo__rosidl_typesupport_introspection_cExport.cmake
[26.772s] -- Installing: /home/rm/ros2_ws/src/ros2_total_demo/install/ros2_total_demo/share/ros2_total_demo/cmake/ros2_total_demo__rosidl_typesupport_introspection_cExport-noconfig.cmake
[26.772s] -- Installing: /home/rm/ros2_ws/src/ros2_total_demo/install/ros2_total_demo/share/ros2_total_demo/cmake/ros2_total_demo__rosidl_typesupport_cExport.cmake
[26.772s] -- Installing: /home/rm/ros2_ws/src/ros2_total_demo/install/ros2_total_demo/share/ros2_total_demo/cmake/ros2_total_demo__rosidl_typesupport_cExport-noconfig.cmake
[26.773s] -- Installing: /home/rm/ros2_ws/src/ros2_total_demo/install/ros2_total_demo/share/ros2_total_demo/cmake/ros2_total_demo__rosidl_generator_cppExport.cmake
[26.773s] -- Installing: /home/rm/ros2_ws/src/ros2_total_demo/install/ros2_total_demo/share/ros2_total_demo/cmake/ros2_total_demo__rosidl_typesupport_introspection_cppExport.cmake
[26.773s] -- Installing: /home/rm/ros2_ws/src/ros2_total_demo/install/ros2_total_demo/share/ros2_total_demo/cmake/ros2_total_demo__rosidl_typesupport_introspection_cppExport-noconfig.cmake
[26.774s] -- Installing: /home/rm/ros2_ws/src/ros2_total_demo/install/ros2_total_demo/share/ros2_total_demo/cmake/ros2_total_demo__rosidl_typesupport_cppExport.cmake
[26.774s] -- Installing: /home/rm/ros2_ws/src/ros2_total_demo/install/ros2_total_demo/share/ros2_total_demo/cmake/ros2_total_demo__rosidl_typesupport_cppExport-noconfig.cmake
[26.774s] -- Installing: /home/rm/ros2_ws/src/ros2_total_demo/install/ros2_total_demo/share/ros2_total_demo/cmake/rosidl_cmake-extras.cmake
[26.775s] -- Installing: /home/rm/ros2_ws/src/ros2_total_demo/install/ros2_total_demo/share/ros2_total_demo/cmake/ament_cmake_export_dependencies-extras.cmake
[26.775s] -- Installing: /home/rm/ros2_ws/src/ros2_total_demo/install/ros2_total_demo/share/ros2_total_demo/cmake/ament_cmake_export_libraries-extras.cmake
[26.775s] -- Installing: /home/rm/ros2_ws/src/ros2_total_demo/install/ros2_total_demo/share/ros2_total_demo/cmake/ament_cmake_export_targets-extras.cmake
[26.776s] -- Installing: /home/rm/ros2_ws/src/ros2_total_demo/install/ros2_total_demo/share/ros2_total_demo/cmake/ament_cmake_export_include_directories-extras.cmake
[26.776s] -- Installing: /home/rm/ros2_ws/src/ros2_total_demo/install/ros2_total_demo/share/ros2_total_demo/cmake/rosidl_cmake_export_typesupport_libraries-extras.cmake
[26.776s] -- Installing: /home/rm/ros2_ws/src/ros2_total_demo/install/ros2_total_demo/share/ros2_total_demo/cmake/rosidl_cmake_export_typesupport_targets-extras.cmake
[26.776s] -- Installing: /home/rm/ros2_ws/src/ros2_total_demo/install/ros2_total_demo/share/ros2_total_demo/cmake/ros2_total_demoConfig.cmake
[26.777s] -- Installing: /home/rm/ros2_ws/src/ros2_total_demo/install/ros2_total_demo/share/ros2_total_demo/cmake/ros2_total_demoConfig-version.cmake
[26.777s] -- Installing: /home/rm/ros2_ws/src/ros2_total_demo/install/ros2_total_demo/share/ros2_total_demo/package.xml
[26.784s] Invoked command in '/home/rm/ros2_ws/src/ros2_total_demo/build/ros2_total_demo' returned '0': CMAKE_PREFIX_PATH=${CMAKE_PREFIX_PATH}:/home/rm/ros2_ws/install/rm_camera_demo:/opt/ros/foxy /usr/bin/cmake --install /home/rm/ros2_ws/src/ros2_total_demo/build/ros2_total_demo
